<?xml version="1.0" encoding="UTF-8"?>
<testsuite xmlns:xsi="http://www.w3.org/2001/XMLSchema-instance" xsi:noNamespaceSchemaLocation="https://maven.apache.org/surefire/maven-surefire-plugin/xsd/surefire-test-report-3.0.xsd" version="3.0" name="com.se300.store.controller.internalmockserver.InternalMockServerTest" time="1.967" tests="7" errors="0" skipped="0" failures="0">
  <properties>
[...]
</properties>
  <testcase name="testInternalStoreProvisioningAPI" classname="com.se300.store.controller.internalmockserver.InternalMockServerTest" time="0.622">
    <system-out><![CDATA[23:32:34.283 [main] DEBUG io.netty.util.internal.logging.InternalLoggerFactory -- Using SLF4J as the default logging framework
23:32:34.285 [main] DEBUG io.netty.channel.MultithreadEventLoopGroup -- -Dio.netty.eventLoopThreads: 40
23:32:34.306 [main] DEBUG io.netty.util.internal.InternalThreadLocalMap -- -Dio.netty.threadLocalMap.stringBuilder.initialSize: 1024
23:32:34.306 [main] DEBUG io.netty.util.internal.InternalThreadLocalMap -- -Dio.netty.threadLocalMap.stringBuilder.maxSize: 4096
23:32:34.333 [main] DEBUG io.netty.util.internal.PlatformDependent0 -- -Dio.netty.noUnsafe: false
23:32:34.333 [main] DEBUG io.netty.util.internal.PlatformDependent0 -- Java version: 24
23:32:34.335 [main] DEBUG io.netty.util.internal.PlatformDependent0 -- sun.misc.Unsafe.theUnsafe: available
23:32:34.336 [main] DEBUG io.netty.util.internal.PlatformDependent0 -- sun.misc.Unsafe.copyMemory: available
23:32:34.337 [main] DEBUG io.netty.util.internal.PlatformDependent0 -- sun.misc.Unsafe.storeFence: available
23:32:34.341 [main] DEBUG io.netty.util.internal.PlatformDependent0 -- java.nio.Buffer.address: available
23:32:34.342 [main] DEBUG io.netty.util.internal.PlatformDependent0 -- direct buffer constructor: unavailable: java.nio.DirectByteBuffer.<init>(long,int)
23:32:34.342 [main] DEBUG io.netty.util.internal.PlatformDependent0 -- java.nio.Bits.unaligned: available, true
23:32:34.343 [main] DEBUG io.netty.util.internal.PlatformDependent0 -- jdk.internal.misc.Unsafe.allocateUninitializedArray(int): unavailable: class io.netty.util.internal.PlatformDependent0$7 cannot access class jdk.internal.misc.Unsafe (in module java.base) because module java.base does not export jdk.internal.misc to unnamed module @3c419631
23:32:34.344 [main] DEBUG io.netty.util.internal.PlatformDependent0 -- java.nio.DirectByteBuffer.<init>(long, int): unavailable
23:32:34.344 [main] DEBUG io.netty.util.internal.PlatformDependent -- sun.misc.Unsafe: available
23:32:34.345 [main] DEBUG io.netty.util.internal.PlatformDependent -- maxDirectMemory: 8506048512 bytes (maybe)
23:32:34.345 [main] DEBUG io.netty.util.internal.PlatformDependent -- -Dio.netty.tmpdir: C:\Users\Nikolai\AppData\Local\Temp (java.io.tmpdir)
23:32:34.345 [main] DEBUG io.netty.util.internal.PlatformDependent -- -Dio.netty.bitMode: 64 (sun.arch.data.model)
23:32:34.346 [main] DEBUG io.netty.util.internal.PlatformDependent -- Platform: Windows
23:32:34.347 [main] DEBUG io.netty.util.internal.PlatformDependent -- -Dio.netty.maxDirectMemory: -1 bytes
23:32:34.347 [main] DEBUG io.netty.util.internal.PlatformDependent -- -Dio.netty.uninitializedArrayAllocationThreshold: -1
23:32:34.348 [main] DEBUG io.netty.util.internal.CleanerJava9 -- java.nio.ByteBuffer.cleaner(): available
23:32:34.348 [main] DEBUG io.netty.util.internal.PlatformDependent -- -Dio.netty.noPreferDirect: false
23:32:34.349 [main] DEBUG io.netty.channel.nio.NioEventLoop -- -Dio.netty.noKeySetOptimization: false
23:32:34.349 [main] DEBUG io.netty.channel.nio.NioEventLoop -- -Dio.netty.selectorAutoRebuildThreshold: 512
23:32:34.360 [main] DEBUG io.netty.util.internal.PlatformDependent -- org.jctools-core.MpscChunkedArrayQueue: available
23:32:34.684 [main] DEBUG io.netty.util.ResourceLeakDetector -- -Dio.netty.leakDetection.level: simple
23:32:34.684 [main] DEBUG io.netty.util.ResourceLeakDetector -- -Dio.netty.leakDetection.targetRecords: 4
23:32:34.687 [main] DEBUG io.netty.buffer.PooledByteBufAllocator -- -Dio.netty.allocator.numHeapArenas: 40
23:32:34.687 [main] DEBUG io.netty.buffer.PooledByteBufAllocator -- -Dio.netty.allocator.numDirectArenas: 40
23:32:34.687 [main] DEBUG io.netty.buffer.PooledByteBufAllocator -- -Dio.netty.allocator.pageSize: 8192
23:32:34.687 [main] DEBUG io.netty.buffer.PooledByteBufAllocator -- -Dio.netty.allocator.maxOrder: 9
23:32:34.687 [main] DEBUG io.netty.buffer.PooledByteBufAllocator -- -Dio.netty.allocator.chunkSize: 4194304
23:32:34.687 [main] DEBUG io.netty.buffer.PooledByteBufAllocator -- -Dio.netty.allocator.smallCacheSize: 256
23:32:34.687 [main] DEBUG io.netty.buffer.PooledByteBufAllocator -- -Dio.netty.allocator.normalCacheSize: 64
23:32:34.687 [main] DEBUG io.netty.buffer.PooledByteBufAllocator -- -Dio.netty.allocator.maxCachedBufferCapacity: 32768
23:32:34.687 [main] DEBUG io.netty.buffer.PooledByteBufAllocator -- -Dio.netty.allocator.cacheTrimInterval: 8192
23:32:34.687 [main] DEBUG io.netty.buffer.PooledByteBufAllocator -- -Dio.netty.allocator.cacheTrimIntervalMillis: 0
23:32:34.687 [main] DEBUG io.netty.buffer.PooledByteBufAllocator -- -Dio.netty.allocator.useCacheForAllThreads: false
23:32:34.687 [main] DEBUG io.netty.buffer.PooledByteBufAllocator -- -Dio.netty.allocator.maxCachedByteBuffersPerChunk: 1023
23:32:34.726 [MockServer-MockServer thread for port: 88881] DEBUG io.netty.channel.DefaultChannelId -- -Dio.netty.processId: 23776 (auto-detected)
23:32:34.729 [MockServer-MockServer thread for port: 88881] DEBUG io.netty.util.NetUtil -- -Djava.net.preferIPv4Stack: false
23:32:34.729 [MockServer-MockServer thread for port: 88881] DEBUG io.netty.util.NetUtil -- -Djava.net.preferIPv6Addresses: false
23:32:34.732 [MockServer-MockServer thread for port: 88881] DEBUG io.netty.util.NetUtilInitializations -- Loopback interface: loopback_0 (Software Loopback Interface 1, 0:0:0:0:0:0:0:1)
23:32:34.733 [MockServer-MockServer thread for port: 88881] DEBUG io.netty.util.NetUtil -- Failed to get SOMAXCONN from sysctl and file \proc\sys\net\core\somaxconn. Default: 200
23:32:34.736 [MockServer-MockServer thread for port: 88881] DEBUG io.netty.channel.DefaultChannelId -- -Dio.netty.machineId: f4:c8:8a:ff:fe:9c:ef:f9 (auto-detected)
23:32:34.759 [MockServer-MockServer thread for port: 88881] DEBUG io.netty.buffer.ByteBufUtil -- -Dio.netty.allocator.type: pooled
23:32:34.759 [MockServer-MockServer thread for port: 88881] DEBUG io.netty.buffer.ByteBufUtil -- -Dio.netty.threadLocalDirectBufferSize: 0
23:32:34.759 [MockServer-MockServer thread for port: 88881] DEBUG io.netty.buffer.ByteBufUtil -- -Dio.netty.maxThreadLocalCharBufferSize: 16384
23:32:34.769 [MockServer-EventLog0] INFO org.mockserver.log.MockServerEventLog -- 8888 started on port: 8888
23:32:34.842 [MockServer-ClientAndServer-eventLoop3] DEBUG io.netty.buffer.AbstractByteBuf -- -Dio.netty.buffer.checkAccessible: true
23:32:34.842 [MockServer-ClientAndServer-eventLoop3] DEBUG io.netty.buffer.AbstractByteBuf -- -Dio.netty.buffer.checkBounds: true
23:32:34.843 [MockServer-ClientAndServer-eventLoop3] DEBUG io.netty.util.ResourceLeakDetectorFactory -- Loaded default ResourceLeakDetector: io.netty.util.ResourceLeakDetector@29059726
23:32:34.908 [MockServer-ClientAndServer-eventLoop3] DEBUG io.netty.util.Recycler -- -Dio.netty.recycler.maxCapacityPerThread: 4096
23:32:34.908 [MockServer-ClientAndServer-eventLoop3] DEBUG io.netty.util.Recycler -- -Dio.netty.recycler.ratio: 8
23:32:34.908 [MockServer-ClientAndServer-eventLoop3] DEBUG io.netty.util.Recycler -- -Dio.netty.recycler.chunkSize: 32
23:32:34.908 [MockServer-ClientAndServer-eventLoop3] DEBUG io.netty.util.Recycler -- -Dio.netty.recycler.blocking: false
23:32:34.951 [MockServer-MockServer-workerEventLoop4] DEBUG io.netty.handler.codec.compression.Brotli -- brotli4j not in the classpath; Brotli support will be unavailable.
23:32:34.983 [MockServer-EventLog0] INFO org.mockserver.log.MockServerEventLog -- 8888 resetting all expectations and request logs
23:32:35.201 [MockServer-MockServer-workerEventLoop7] DEBUG com.networknt.schema.PropertiesValidator -- validate( {"httpRequest":{"method":"POST","path":"/internal/stores/provision"},"httpResponse":{"statusCode":201,"headers":{"Content-Type":["application/json"]},"body":"{\"id\":\"S1\",\"address\":\"123 Main St\",\"description\":\"Provisioned Store\"}"},"id":"053e8634-5ae5-4f97-8db5-2fd6ba119515","priority":0,"timeToLive":{"unlimited":true},"times":{"unlimited":true}}, {"httpRequest":{"method":"POST","path":"/internal/stores/provision"},"httpResponse":{"statusCode":201,"headers":{"Content-Type":["application/json"]},"body":"{\"id\":\"S1\",\"address\":\"123 Main St\",\"description\":\"Provisioned Store\"}"},"id":"053e8634-5ae5-4f97-8db5-2fd6ba119515","priority":0,"timeToLive":{"unlimited":true},"times":{"unlimited":true}}, $)
23:32:35.202 [MockServer-MockServer-workerEventLoop7] DEBUG com.networknt.schema.TypeValidator -- validate( "053e8634-5ae5-4f97-8db5-2fd6ba119515", {"httpRequest":{"method":"POST","path":"/internal/stores/provision"},"httpResponse":{"statusCode":201,"headers":{"Content-Type":["application/json"]},"body":"{\"id\":\"S1\",\"address\":\"123 Main St\",\"description\":\"Provisioned Store\"}"},"id":"053e8634-5ae5-4f97-8db5-2fd6ba119515","priority":0,"timeToLive":{"unlimited":true},"times":{"unlimited":true}}, $.id)
23:32:35.203 [MockServer-MockServer-workerEventLoop7] DEBUG com.networknt.schema.TypeValidator -- validate( 0, {"httpRequest":{"method":"POST","path":"/internal/stores/provision"},"httpResponse":{"statusCode":201,"headers":{"Content-Type":["application/json"]},"body":"{\"id\":\"S1\",\"address\":\"123 Main St\",\"description\":\"Provisioned Store\"}"},"id":"053e8634-5ae5-4f97-8db5-2fd6ba119515","priority":0,"timeToLive":{"unlimited":true},"times":{"unlimited":true}}, $.priority)
23:32:35.204 [MockServer-MockServer-workerEventLoop7] DEBUG com.networknt.schema.RefValidator -- validate( {"method":"POST","path":"/internal/stores/provision"}, {"httpRequest":{"method":"POST","path":"/internal/stores/provision"},"httpResponse":{"statusCode":201,"headers":{"Content-Type":["application/json"]},"body":"{\"id\":\"S1\",\"address\":\"123 Main St\",\"description\":\"Provisioned Store\"}"},"id":"053e8634-5ae5-4f97-8db5-2fd6ba119515","priority":0,"timeToLive":{"unlimited":true},"times":{"unlimited":true}}, $.httpRequest)
23:32:35.204 [MockServer-MockServer-workerEventLoop7] DEBUG com.networknt.schema.RequiredValidator -- validate( {"method":"POST","path":"/internal/stores/provision"}, {"httpRequest":{"method":"POST","path":"/internal/stores/provision"},"httpResponse":{"statusCode":201,"headers":{"Content-Type":["application/json"]},"body":"{\"id\":\"S1\",\"address\":\"123 Main St\",\"description\":\"Provisioned Store\"}"},"id":"053e8634-5ae5-4f97-8db5-2fd6ba119515","priority":0,"timeToLive":{"unlimited":true},"times":{"unlimited":true}}, $.httpRequest)
23:32:35.204 [MockServer-MockServer-workerEventLoop7] DEBUG com.networknt.schema.RefValidator -- validate( {"method":"POST","path":"/internal/stores/provision"}, {"httpRequest":{"method":"POST","path":"/internal/stores/provision"},"httpResponse":{"statusCode":201,"headers":{"Content-Type":["application/json"]},"body":"{\"id\":\"S1\",\"address\":\"123 Main St\",\"description\":\"Provisioned Store\"}"},"id":"053e8634-5ae5-4f97-8db5-2fd6ba119515","priority":0,"timeToLive":{"unlimited":true},"times":{"unlimited":true}}, $.httpRequest)
23:32:35.205 [MockServer-MockServer-workerEventLoop7] DEBUG com.networknt.schema.PropertiesValidator -- validate( {"method":"POST","path":"/internal/stores/provision"}, {"httpRequest":{"method":"POST","path":"/internal/stores/provision"},"httpResponse":{"statusCode":201,"headers":{"Content-Type":["application/json"]},"body":"{\"id\":\"S1\",\"address\":\"123 Main St\",\"description\":\"Provisioned Store\"}"},"id":"053e8634-5ae5-4f97-8db5-2fd6ba119515","priority":0,"timeToLive":{"unlimited":true},"times":{"unlimited":true}}, $.httpRequest)
23:32:35.205 [MockServer-MockServer-workerEventLoop7] DEBUG com.networknt.schema.RefValidator -- validate( "POST", {"httpRequest":{"method":"POST","path":"/internal/stores/provision"},"httpResponse":{"statusCode":201,"headers":{"Content-Type":["application/json"]},"body":"{\"id\":\"S1\",\"address\":\"123 Main St\",\"description\":\"Provisioned Store\"}"},"id":"053e8634-5ae5-4f97-8db5-2fd6ba119515","priority":0,"timeToLive":{"unlimited":true},"times":{"unlimited":true}}, $.httpRequest.method)
23:32:35.205 [MockServer-MockServer-workerEventLoop7] DEBUG com.networknt.schema.OneOfValidator -- validate( "POST", {"httpRequest":{"method":"POST","path":"/internal/stores/provision"},"httpResponse":{"statusCode":201,"headers":{"Content-Type":["application/json"]},"body":"{\"id\":\"S1\",\"address\":\"123 Main St\",\"description\":\"Provisioned Store\"}"},"id":"053e8634-5ae5-4f97-8db5-2fd6ba119515","priority":0,"timeToLive":{"unlimited":true},"times":{"unlimited":true}}, $.httpRequest.method)
23:32:35.205 [MockServer-MockServer-workerEventLoop7] DEBUG com.networknt.schema.TypeValidator -- validate( "POST", {"httpRequest":{"method":"POST","path":"/internal/stores/provision"},"httpResponse":{"statusCode":201,"headers":{"Content-Type":["application/json"]},"body":"{\"id\":\"S1\",\"address\":\"123 Main St\",\"description\":\"Provisioned Store\"}"},"id":"053e8634-5ae5-4f97-8db5-2fd6ba119515","priority":0,"timeToLive":{"unlimited":true},"times":{"unlimited":true}}, $.httpRequest.method)
23:32:35.206 [MockServer-MockServer-workerEventLoop7] DEBUG com.networknt.schema.PropertiesValidator -- validate( "POST", {"httpRequest":{"method":"POST","path":"/internal/stores/provision"},"httpResponse":{"statusCode":201,"headers":{"Content-Type":["application/json"]},"body":"{\"id\":\"S1\",\"address\":\"123 Main St\",\"description\":\"Provisioned Store\"}"},"id":"053e8634-5ae5-4f97-8db5-2fd6ba119515","priority":0,"timeToLive":{"unlimited":true},"times":{"unlimited":true}}, $.httpRequest.method)
23:32:35.206 [MockServer-MockServer-workerEventLoop7] DEBUG com.networknt.schema.AdditionalPropertiesValidator -- validate( "POST", {"httpRequest":{"method":"POST","path":"/internal/stores/provision"},"httpResponse":{"statusCode":201,"headers":{"Content-Type":["application/json"]},"body":"{\"id\":\"S1\",\"address\":\"123 Main St\",\"description\":\"Provisioned Store\"}"},"id":"053e8634-5ae5-4f97-8db5-2fd6ba119515","priority":0,"timeToLive":{"unlimited":true},"times":{"unlimited":true}}, $.httpRequest.method)
23:32:35.206 [MockServer-MockServer-workerEventLoop7] DEBUG com.networknt.schema.TypeValidator -- validate( "POST", {"httpRequest":{"method":"POST","path":"/internal/stores/provision"},"httpResponse":{"statusCode":201,"headers":{"Content-Type":["application/json"]},"body":"{\"id\":\"S1\",\"address\":\"123 Main St\",\"description\":\"Provisioned Store\"}"},"id":"053e8634-5ae5-4f97-8db5-2fd6ba119515","priority":0,"timeToLive":{"unlimited":true},"times":{"unlimited":true}}, $.httpRequest.method)
23:32:35.209 [MockServer-MockServer-workerEventLoop7] DEBUG com.networknt.schema.RefValidator -- validate( "/internal/stores/provision", {"httpRequest":{"method":"POST","path":"/internal/stores/provision"},"httpResponse":{"statusCode":201,"headers":{"Content-Type":["application/json"]},"body":"{\"id\":\"S1\",\"address\":\"123 Main St\",\"description\":\"Provisioned Store\"}"},"id":"053e8634-5ae5-4f97-8db5-2fd6ba119515","priority":0,"timeToLive":{"unlimited":true},"times":{"unlimited":true}}, $.httpRequest.path)
23:32:35.209 [MockServer-MockServer-workerEventLoop7] DEBUG com.networknt.schema.OneOfValidator -- validate( "/internal/stores/provision", {"httpRequest":{"method":"POST","path":"/internal/stores/provision"},"httpResponse":{"statusCode":201,"headers":{"Content-Type":["application/json"]},"body":"{\"id\":\"S1\",\"address\":\"123 Main St\",\"description\":\"Provisioned Store\"}"},"id":"053e8634-5ae5-4f97-8db5-2fd6ba119515","priority":0,"timeToLive":{"unlimited":true},"times":{"unlimited":true}}, $.httpRequest.path)
23:32:35.209 [MockServer-MockServer-workerEventLoop7] DEBUG com.networknt.schema.TypeValidator -- validate( "/internal/stores/provision", {"httpRequest":{"method":"POST","path":"/internal/stores/provision"},"httpResponse":{"statusCode":201,"headers":{"Content-Type":["application/json"]},"body":"{\"id\":\"S1\",\"address\":\"123 Main St\",\"description\":\"Provisioned Store\"}"},"id":"053e8634-5ae5-4f97-8db5-2fd6ba119515","priority":0,"timeToLive":{"unlimited":true},"times":{"unlimited":true}}, $.httpRequest.path)
23:32:35.209 [MockServer-MockServer-workerEventLoop7] DEBUG com.networknt.schema.PropertiesValidator -- validate( "/internal/stores/provision", {"httpRequest":{"method":"POST","path":"/internal/stores/provision"},"httpResponse":{"statusCode":201,"headers":{"Content-Type":["application/json"]},"body":"{\"id\":\"S1\",\"address\":\"123 Main St\",\"description\":\"Provisioned Store\"}"},"id":"053e8634-5ae5-4f97-8db5-2fd6ba119515","priority":0,"timeToLive":{"unlimited":true},"times":{"unlimited":true}}, $.httpRequest.path)
23:32:35.209 [MockServer-MockServer-workerEventLoop7] DEBUG com.networknt.schema.AdditionalPropertiesValidator -- validate( "/internal/stores/provision", {"httpRequest":{"method":"POST","path":"/internal/stores/provision"},"httpResponse":{"statusCode":201,"headers":{"Content-Type":["application/json"]},"body":"{\"id\":\"S1\",\"address\":\"123 Main St\",\"description\":\"Provisioned Store\"}"},"id":"053e8634-5ae5-4f97-8db5-2fd6ba119515","priority":0,"timeToLive":{"unlimited":true},"times":{"unlimited":true}}, $.httpRequest.path)
23:32:35.209 [MockServer-MockServer-workerEventLoop7] DEBUG com.networknt.schema.TypeValidator -- validate( "/internal/stores/provision", {"httpRequest":{"method":"POST","path":"/internal/stores/provision"},"httpResponse":{"statusCode":201,"headers":{"Content-Type":["application/json"]},"body":"{\"id\":\"S1\",\"address\":\"123 Main St\",\"description\":\"Provisioned Store\"}"},"id":"053e8634-5ae5-4f97-8db5-2fd6ba119515","priority":0,"timeToLive":{"unlimited":true},"times":{"unlimited":true}}, $.httpRequest.path)
23:32:35.210 [MockServer-MockServer-workerEventLoop7] DEBUG com.networknt.schema.AdditionalPropertiesValidator -- validate( {"method":"POST","path":"/internal/stores/provision"}, {"httpRequest":{"method":"POST","path":"/internal/stores/provision"},"httpResponse":{"statusCode":201,"headers":{"Content-Type":["application/json"]},"body":"{\"id\":\"S1\",\"address\":\"123 Main St\",\"description\":\"Provisioned Store\"}"},"id":"053e8634-5ae5-4f97-8db5-2fd6ba119515","priority":0,"timeToLive":{"unlimited":true},"times":{"unlimited":true}}, $.httpRequest)
23:32:35.210 [MockServer-MockServer-workerEventLoop7] DEBUG com.networknt.schema.TypeValidator -- validate( {"method":"POST","path":"/internal/stores/provision"}, {"httpRequest":{"method":"POST","path":"/internal/stores/provision"},"httpResponse":{"statusCode":201,"headers":{"Content-Type":["application/json"]},"body":"{\"id\":\"S1\",\"address\":\"123 Main St\",\"description\":\"Provisioned Store\"}"},"id":"053e8634-5ae5-4f97-8db5-2fd6ba119515","priority":0,"timeToLive":{"unlimited":true},"times":{"unlimited":true}}, $.httpRequest)
23:32:35.210 [MockServer-MockServer-workerEventLoop7] DEBUG com.networknt.schema.RefValidator -- validate( {"statusCode":201,"headers":{"Content-Type":["application/json"]},"body":"{\"id\":\"S1\",\"address\":\"123 Main St\",\"description\":\"Provisioned Store\"}"}, {"httpRequest":{"method":"POST","path":"/internal/stores/provision"},"httpResponse":{"statusCode":201,"headers":{"Content-Type":["application/json"]},"body":"{\"id\":\"S1\",\"address\":\"123 Main St\",\"description\":\"Provisioned Store\"}"},"id":"053e8634-5ae5-4f97-8db5-2fd6ba119515","priority":0,"timeToLive":{"unlimited":true},"times":{"unlimited":true}}, $.httpResponse)
23:32:35.210 [MockServer-MockServer-workerEventLoop7] DEBUG com.networknt.schema.PropertiesValidator -- validate( {"statusCode":201,"headers":{"Content-Type":["application/json"]},"body":"{\"id\":\"S1\",\"address\":\"123 Main St\",\"description\":\"Provisioned Store\"}"}, {"httpRequest":{"method":"POST","path":"/internal/stores/provision"},"httpResponse":{"statusCode":201,"headers":{"Content-Type":["application/json"]},"body":"{\"id\":\"S1\",\"address\":\"123 Main St\",\"description\":\"Provisioned Store\"}"},"id":"053e8634-5ae5-4f97-8db5-2fd6ba119515","priority":0,"timeToLive":{"unlimited":true},"times":{"unlimited":true}}, $.httpResponse)
23:32:35.210 [MockServer-MockServer-workerEventLoop7] DEBUG com.networknt.schema.RefValidator -- validate( "{\"id\":\"S1\",\"address\":\"123 Main St\",\"description\":\"Provisioned Store\"}", {"httpRequest":{"method":"POST","path":"/internal/stores/provision"},"httpResponse":{"statusCode":201,"headers":{"Content-Type":["application/json"]},"body":"{\"id\":\"S1\",\"address\":\"123 Main St\",\"description\":\"Provisioned Store\"}"},"id":"053e8634-5ae5-4f97-8db5-2fd6ba119515","priority":0,"timeToLive":{"unlimited":true},"times":{"unlimited":true}}, $.httpResponse.body)
23:32:35.211 [MockServer-MockServer-workerEventLoop7] DEBUG com.networknt.schema.RequiredValidator -- validate( "{\"id\":\"S1\",\"address\":\"123 Main St\",\"description\":\"Provisioned Store\"}", {"httpRequest":{"method":"POST","path":"/internal/stores/provision"},"httpResponse":{"statusCode":201,"headers":{"Content-Type":["application/json"]},"body":"{\"id\":\"S1\",\"address\":\"123 Main St\",\"description\":\"Provisioned Store\"}"},"id":"053e8634-5ae5-4f97-8db5-2fd6ba119515","priority":0,"timeToLive":{"unlimited":true},"times":{"unlimited":true}}, $.httpResponse.body)
23:32:35.211 [MockServer-MockServer-workerEventLoop7] DEBUG com.networknt.schema.PropertiesValidator -- validate( "{\"id\":\"S1\",\"address\":\"123 Main St\",\"description\":\"Provisioned Store\"}", {"httpRequest":{"method":"POST","path":"/internal/stores/provision"},"httpResponse":{"statusCode":201,"headers":{"Content-Type":["application/json"]},"body":"{\"id\":\"S1\",\"address\":\"123 Main St\",\"description\":\"Provisioned Store\"}"},"id":"053e8634-5ae5-4f97-8db5-2fd6ba119515","priority":0,"timeToLive":{"unlimited":true},"times":{"unlimited":true}}, $.httpResponse.body)
23:32:35.211 [MockServer-MockServer-workerEventLoop7] DEBUG com.networknt.schema.AdditionalPropertiesValidator -- validate( "{\"id\":\"S1\",\"address\":\"123 Main St\",\"description\":\"Provisioned Store\"}", {"httpRequest":{"method":"POST","path":"/internal/stores/provision"},"httpResponse":{"statusCode":201,"headers":{"Content-Type":["application/json"]},"body":"{\"id\":\"S1\",\"address\":\"123 Main St\",\"description\":\"Provisioned Store\"}"},"id":"053e8634-5ae5-4f97-8db5-2fd6ba119515","priority":0,"timeToLive":{"unlimited":true},"times":{"unlimited":true}}, $.httpResponse.body)
23:32:35.211 [MockServer-MockServer-workerEventLoop7] DEBUG com.networknt.schema.TypeValidator -- validate( "{\"id\":\"S1\",\"address\":\"123 Main St\",\"description\":\"Provisioned Store\"}", {"httpRequest":{"method":"POST","path":"/internal/stores/provision"},"httpResponse":{"statusCode":201,"headers":{"Content-Type":["application/json"]},"body":"{\"id\":\"S1\",\"address\":\"123 Main St\",\"description\":\"Provisioned Store\"}"},"id":"053e8634-5ae5-4f97-8db5-2fd6ba119515","priority":0,"timeToLive":{"unlimited":true},"times":{"unlimited":true}}, $.httpResponse.body)
23:32:35.211 [MockServer-MockServer-workerEventLoop7] DEBUG com.networknt.schema.PropertiesValidator -- validate( "{\"id\":\"S1\",\"address\":\"123 Main St\",\"description\":\"Provisioned Store\"}", {"httpRequest":{"method":"POST","path":"/internal/stores/provision"},"httpResponse":{"statusCode":201,"headers":{"Content-Type":["application/json"]},"body":"{\"id\":\"S1\",\"address\":\"123 Main St\",\"description\":\"Provisioned Store\"}"},"id":"053e8634-5ae5-4f97-8db5-2fd6ba119515","priority":0,"timeToLive":{"unlimited":true},"times":{"unlimited":true}}, $.httpResponse.body)
23:32:35.211 [MockServer-MockServer-workerEventLoop7] DEBUG com.networknt.schema.AdditionalPropertiesValidator -- validate( "{\"id\":\"S1\",\"address\":\"123 Main St\",\"description\":\"Provisioned Store\"}", {"httpRequest":{"method":"POST","path":"/internal/stores/provision"},"httpResponse":{"statusCode":201,"headers":{"Content-Type":["application/json"]},"body":"{\"id\":\"S1\",\"address\":\"123 Main St\",\"description\":\"Provisioned Store\"}"},"id":"053e8634-5ae5-4f97-8db5-2fd6ba119515","priority":0,"timeToLive":{"unlimited":true},"times":{"unlimited":true}}, $.httpResponse.body)
23:32:35.211 [MockServer-MockServer-workerEventLoop7] DEBUG com.networknt.schema.TypeValidator -- validate( "{\"id\":\"S1\",\"address\":\"123 Main St\",\"description\":\"Provisioned Store\"}", {"httpRequest":{"method":"POST","path":"/internal/stores/provision"},"httpResponse":{"statusCode":201,"headers":{"Content-Type":["application/json"]},"body":"{\"id\":\"S1\",\"address\":\"123 Main St\",\"description\":\"Provisioned Store\"}"},"id":"053e8634-5ae5-4f97-8db5-2fd6ba119515","priority":0,"timeToLive":{"unlimited":true},"times":{"unlimited":true}}, $.httpResponse.body)
23:32:35.211 [MockServer-MockServer-workerEventLoop7] DEBUG com.networknt.schema.AdditionalPropertiesValidator -- validate( "{\"id\":\"S1\",\"address\":\"123 Main St\",\"description\":\"Provisioned Store\"}", {"httpRequest":{"method":"POST","path":"/internal/stores/provision"},"httpResponse":{"statusCode":201,"headers":{"Content-Type":["application/json"]},"body":"{\"id\":\"S1\",\"address\":\"123 Main St\",\"description\":\"Provisioned Store\"}"},"id":"053e8634-5ae5-4f97-8db5-2fd6ba119515","priority":0,"timeToLive":{"unlimited":true},"times":{"unlimited":true}}, $.httpResponse.body)
23:32:35.211 [MockServer-MockServer-workerEventLoop7] DEBUG com.networknt.schema.TypeValidator -- validate( "{\"id\":\"S1\",\"address\":\"123 Main St\",\"description\":\"Provisioned Store\"}", {"httpRequest":{"method":"POST","path":"/internal/stores/provision"},"httpResponse":{"statusCode":201,"headers":{"Content-Type":["application/json"]},"body":"{\"id\":\"S1\",\"address\":\"123 Main St\",\"description\":\"Provisioned Store\"}"},"id":"053e8634-5ae5-4f97-8db5-2fd6ba119515","priority":0,"timeToLive":{"unlimited":true},"times":{"unlimited":true}}, $.httpResponse.body)
23:32:35.212 [MockServer-MockServer-workerEventLoop7] DEBUG com.networknt.schema.AdditionalPropertiesValidator -- validate( "{\"id\":\"S1\",\"address\":\"123 Main St\",\"description\":\"Provisioned Store\"}", {"httpRequest":{"method":"POST","path":"/internal/stores/provision"},"httpResponse":{"statusCode":201,"headers":{"Content-Type":["application/json"]},"body":"{\"id\":\"S1\",\"address\":\"123 Main St\",\"description\":\"Provisioned Store\"}"},"id":"053e8634-5ae5-4f97-8db5-2fd6ba119515","priority":0,"timeToLive":{"unlimited":true},"times":{"unlimited":true}}, $.httpResponse.body)
23:32:35.212 [MockServer-MockServer-workerEventLoop7] DEBUG com.networknt.schema.TypeValidator -- validate( "{\"id\":\"S1\",\"address\":\"123 Main St\",\"description\":\"Provisioned Store\"}", {"httpRequest":{"method":"POST","path":"/internal/stores/provision"},"httpResponse":{"statusCode":201,"headers":{"Content-Type":["application/json"]},"body":"{\"id\":\"S1\",\"address\":\"123 Main St\",\"description\":\"Provisioned Store\"}"},"id":"053e8634-5ae5-4f97-8db5-2fd6ba119515","priority":0,"timeToLive":{"unlimited":true},"times":{"unlimited":true}}, $.httpResponse.body)
23:32:35.212 [MockServer-MockServer-workerEventLoop7] DEBUG com.networknt.schema.PropertiesValidator -- validate( "{\"id\":\"S1\",\"address\":\"123 Main St\",\"description\":\"Provisioned Store\"}", {"httpRequest":{"method":"POST","path":"/internal/stores/provision"},"httpResponse":{"statusCode":201,"headers":{"Content-Type":["application/json"]},"body":"{\"id\":\"S1\",\"address\":\"123 Main St\",\"description\":\"Provisioned Store\"}"},"id":"053e8634-5ae5-4f97-8db5-2fd6ba119515","priority":0,"timeToLive":{"unlimited":true},"times":{"unlimited":true}}, $.httpResponse.body)
23:32:35.212 [MockServer-MockServer-workerEventLoop7] DEBUG com.networknt.schema.AdditionalPropertiesValidator -- validate( "{\"id\":\"S1\",\"address\":\"123 Main St\",\"description\":\"Provisioned Store\"}", {"httpRequest":{"method":"POST","path":"/internal/stores/provision"},"httpResponse":{"statusCode":201,"headers":{"Content-Type":["application/json"]},"body":"{\"id\":\"S1\",\"address\":\"123 Main St\",\"description\":\"Provisioned Store\"}"},"id":"053e8634-5ae5-4f97-8db5-2fd6ba119515","priority":0,"timeToLive":{"unlimited":true},"times":{"unlimited":true}}, $.httpResponse.body)
23:32:35.212 [MockServer-MockServer-workerEventLoop7] DEBUG com.networknt.schema.TypeValidator -- validate( "{\"id\":\"S1\",\"address\":\"123 Main St\",\"description\":\"Provisioned Store\"}", {"httpRequest":{"method":"POST","path":"/internal/stores/provision"},"httpResponse":{"statusCode":201,"headers":{"Content-Type":["application/json"]},"body":"{\"id\":\"S1\",\"address\":\"123 Main St\",\"description\":\"Provisioned Store\"}"},"id":"053e8634-5ae5-4f97-8db5-2fd6ba119515","priority":0,"timeToLive":{"unlimited":true},"times":{"unlimited":true}}, $.httpResponse.body)
23:32:35.212 [MockServer-MockServer-workerEventLoop7] DEBUG com.networknt.schema.PropertiesValidator -- validate( "{\"id\":\"S1\",\"address\":\"123 Main St\",\"description\":\"Provisioned Store\"}", {"httpRequest":{"method":"POST","path":"/internal/stores/provision"},"httpResponse":{"statusCode":201,"headers":{"Content-Type":["application/json"]},"body":"{\"id\":\"S1\",\"address\":\"123 Main St\",\"description\":\"Provisioned Store\"}"},"id":"053e8634-5ae5-4f97-8db5-2fd6ba119515","priority":0,"timeToLive":{"unlimited":true},"times":{"unlimited":true}}, $.httpResponse.body)
23:32:35.212 [MockServer-MockServer-workerEventLoop7] DEBUG com.networknt.schema.AdditionalPropertiesValidator -- validate( "{\"id\":\"S1\",\"address\":\"123 Main St\",\"description\":\"Provisioned Store\"}", {"httpRequest":{"method":"POST","path":"/internal/stores/provision"},"httpResponse":{"statusCode":201,"headers":{"Content-Type":["application/json"]},"body":"{\"id\":\"S1\",\"address\":\"123 Main St\",\"description\":\"Provisioned Store\"}"},"id":"053e8634-5ae5-4f97-8db5-2fd6ba119515","priority":0,"timeToLive":{"unlimited":true},"times":{"unlimited":true}}, $.httpResponse.body)
23:32:35.212 [MockServer-MockServer-workerEventLoop7] DEBUG com.networknt.schema.TypeValidator -- validate( "{\"id\":\"S1\",\"address\":\"123 Main St\",\"description\":\"Provisioned Store\"}", {"httpRequest":{"method":"POST","path":"/internal/stores/provision"},"httpResponse":{"statusCode":201,"headers":{"Content-Type":["application/json"]},"body":"{\"id\":\"S1\",\"address\":\"123 Main St\",\"description\":\"Provisioned Store\"}"},"id":"053e8634-5ae5-4f97-8db5-2fd6ba119515","priority":0,"timeToLive":{"unlimited":true},"times":{"unlimited":true}}, $.httpResponse.body)
23:32:35.212 [MockServer-MockServer-workerEventLoop7] DEBUG com.networknt.schema.TypeValidator -- validate( "{\"id\":\"S1\",\"address\":\"123 Main St\",\"description\":\"Provisioned Store\"}", {"httpRequest":{"method":"POST","path":"/internal/stores/provision"},"httpResponse":{"statusCode":201,"headers":{"Content-Type":["application/json"]},"body":"{\"id\":\"S1\",\"address\":\"123 Main St\",\"description\":\"Provisioned Store\"}"},"id":"053e8634-5ae5-4f97-8db5-2fd6ba119515","priority":0,"timeToLive":{"unlimited":true},"times":{"unlimited":true}}, $.httpResponse.body)
23:32:35.212 [MockServer-MockServer-workerEventLoop7] DEBUG com.networknt.schema.RefValidator -- validate( {"Content-Type":["application/json"]}, {"httpRequest":{"method":"POST","path":"/internal/stores/provision"},"httpResponse":{"statusCode":201,"headers":{"Content-Type":["application/json"]},"body":"{\"id\":\"S1\",\"address\":\"123 Main St\",\"description\":\"Provisioned Store\"}"},"id":"053e8634-5ae5-4f97-8db5-2fd6ba119515","priority":0,"timeToLive":{"unlimited":true},"times":{"unlimited":true}}, $.httpResponse.headers)
23:32:35.213 [MockServer-MockServer-workerEventLoop7] DEBUG com.networknt.schema.OneOfValidator -- validate( {"Content-Type":["application/json"]}, {"httpRequest":{"method":"POST","path":"/internal/stores/provision"},"httpResponse":{"statusCode":201,"headers":{"Content-Type":["application/json"]},"body":"{\"id\":\"S1\",\"address\":\"123 Main St\",\"description\":\"Provisioned Store\"}"},"id":"053e8634-5ae5-4f97-8db5-2fd6ba119515","priority":0,"timeToLive":{"unlimited":true},"times":{"unlimited":true}}, $.httpResponse.headers)
23:32:35.215 [MockServer-MockServer-workerEventLoop7] DEBUG com.networknt.schema.AdditionalPropertiesValidator -- validate( {"Content-Type":["application/json"]}, {"httpRequest":{"method":"POST","path":"/internal/stores/provision"},"httpResponse":{"statusCode":201,"headers":{"Content-Type":["application/json"]},"body":"{\"id\":\"S1\",\"address\":\"123 Main St\",\"description\":\"Provisioned Store\"}"},"id":"053e8634-5ae5-4f97-8db5-2fd6ba119515","priority":0,"timeToLive":{"unlimited":true},"times":{"unlimited":true}}, $.httpResponse.headers)
23:32:35.215 [MockServer-MockServer-workerEventLoop7] DEBUG com.networknt.schema.ItemsValidator -- validate( {"Content-Type":["application/json"]}, {"httpRequest":{"method":"POST","path":"/internal/stores/provision"},"httpResponse":{"statusCode":201,"headers":{"Content-Type":["application/json"]},"body":"{\"id\":\"S1\",\"address\":\"123 Main St\",\"description\":\"Provisioned Store\"}"},"id":"053e8634-5ae5-4f97-8db5-2fd6ba119515","priority":0,"timeToLive":{"unlimited":true},"times":{"unlimited":true}}, $.httpResponse.headers)
23:32:35.215 [MockServer-MockServer-workerEventLoop7] DEBUG com.networknt.schema.TypeValidator -- validate( {"Content-Type":["application/json"]}, {"httpRequest":{"method":"POST","path":"/internal/stores/provision"},"httpResponse":{"statusCode":201,"headers":{"Content-Type":["application/json"]},"body":"{\"id\":\"S1\",\"address\":\"123 Main St\",\"description\":\"Provisioned Store\"}"},"id":"053e8634-5ae5-4f97-8db5-2fd6ba119515","priority":0,"timeToLive":{"unlimited":true},"times":{"unlimited":true}}, $.httpResponse.headers)
23:32:35.216 [MockServer-MockServer-workerEventLoop7] DEBUG com.networknt.schema.PropertiesValidator -- validate( {"Content-Type":["application/json"]}, {"httpRequest":{"method":"POST","path":"/internal/stores/provision"},"httpResponse":{"statusCode":201,"headers":{"Content-Type":["application/json"]},"body":"{\"id\":\"S1\",\"address\":\"123 Main St\",\"description\":\"Provisioned Store\"}"},"id":"053e8634-5ae5-4f97-8db5-2fd6ba119515","priority":0,"timeToLive":{"unlimited":true},"times":{"unlimited":true}}, $.httpResponse.headers)
23:32:35.216 [MockServer-MockServer-workerEventLoop7] DEBUG com.networknt.schema.AdditionalPropertiesValidator -- validate( {"Content-Type":["application/json"]}, {"httpRequest":{"method":"POST","path":"/internal/stores/provision"},"httpResponse":{"statusCode":201,"headers":{"Content-Type":["application/json"]},"body":"{\"id\":\"S1\",\"address\":\"123 Main St\",\"description\":\"Provisioned Store\"}"},"id":"053e8634-5ae5-4f97-8db5-2fd6ba119515","priority":0,"timeToLive":{"unlimited":true},"times":{"unlimited":true}}, $.httpResponse.headers)
23:32:35.217 [MockServer-MockServer-workerEventLoop7] DEBUG com.networknt.schema.PatternPropertiesValidator -- validate( {"Content-Type":["application/json"]}, {"httpRequest":{"method":"POST","path":"/internal/stores/provision"},"httpResponse":{"statusCode":201,"headers":{"Content-Type":["application/json"]},"body":"{\"id\":\"S1\",\"address\":\"123 Main St\",\"description\":\"Provisioned Store\"}"},"id":"053e8634-5ae5-4f97-8db5-2fd6ba119515","priority":0,"timeToLive":{"unlimited":true},"times":{"unlimited":true}}, $.httpResponse.headers)
23:32:35.218 [MockServer-MockServer-workerEventLoop7] DEBUG com.networknt.schema.OneOfValidator -- validate( ["application/json"], {"httpRequest":{"method":"POST","path":"/internal/stores/provision"},"httpResponse":{"statusCode":201,"headers":{"Content-Type":["application/json"]},"body":"{\"id\":\"S1\",\"address\":\"123 Main St\",\"description\":\"Provisioned Store\"}"},"id":"053e8634-5ae5-4f97-8db5-2fd6ba119515","priority":0,"timeToLive":{"unlimited":true},"times":{"unlimited":true}}, $.httpResponse.headers.Content-Type)
23:32:35.218 [MockServer-MockServer-workerEventLoop7] DEBUG com.networknt.schema.TypeValidator -- validate( ["application/json"], {"httpRequest":{"method":"POST","path":"/internal/stores/provision"},"httpResponse":{"statusCode":201,"headers":{"Content-Type":["application/json"]},"body":"{\"id\":\"S1\",\"address\":\"123 Main St\",\"description\":\"Provisioned Store\"}"},"id":"053e8634-5ae5-4f97-8db5-2fd6ba119515","priority":0,"timeToLive":{"unlimited":true},"times":{"unlimited":true}}, $.httpResponse.headers.Content-Type)
23:32:35.218 [MockServer-MockServer-workerEventLoop7] DEBUG com.networknt.schema.AdditionalPropertiesValidator -- validate( ["application/json"], {"httpRequest":{"method":"POST","path":"/internal/stores/provision"},"httpResponse":{"statusCode":201,"headers":{"Content-Type":["application/json"]},"body":"{\"id\":\"S1\",\"address\":\"123 Main St\",\"description\":\"Provisioned Store\"}"},"id":"053e8634-5ae5-4f97-8db5-2fd6ba119515","priority":0,"timeToLive":{"unlimited":true},"times":{"unlimited":true}}, $.httpResponse.headers.Content-Type)
23:32:35.218 [MockServer-MockServer-workerEventLoop7] DEBUG com.networknt.schema.ItemsValidator -- validate( ["application/json"], {"httpRequest":{"method":"POST","path":"/internal/stores/provision"},"httpResponse":{"statusCode":201,"headers":{"Content-Type":["application/json"]},"body":"{\"id\":\"S1\",\"address\":\"123 Main St\",\"description\":\"Provisioned Store\"}"},"id":"053e8634-5ae5-4f97-8db5-2fd6ba119515","priority":0,"timeToLive":{"unlimited":true},"times":{"unlimited":true}}, $.httpResponse.headers.Content-Type)
23:32:35.218 [MockServer-MockServer-workerEventLoop7] DEBUG com.networknt.schema.RefValidator -- validate( "application/json", {"httpRequest":{"method":"POST","path":"/internal/stores/provision"},"httpResponse":{"statusCode":201,"headers":{"Content-Type":["application/json"]},"body":"{\"id\":\"S1\",\"address\":\"123 Main St\",\"description\":\"Provisioned Store\"}"},"id":"053e8634-5ae5-4f97-8db5-2fd6ba119515","priority":0,"timeToLive":{"unlimited":true},"times":{"unlimited":true}}, $.httpResponse.headers.Content-Type[0])
23:32:35.218 [MockServer-MockServer-workerEventLoop7] DEBUG com.networknt.schema.OneOfValidator -- validate( "application/json", {"httpRequest":{"method":"POST","path":"/internal/stores/provision"},"httpResponse":{"statusCode":201,"headers":{"Content-Type":["application/json"]},"body":"{\"id\":\"S1\",\"address\":\"123 Main St\",\"description\":\"Provisioned Store\"}"},"id":"053e8634-5ae5-4f97-8db5-2fd6ba119515","priority":0,"timeToLive":{"unlimited":true},"times":{"unlimited":true}}, $.httpResponse.headers.Content-Type[0])
23:32:35.218 [MockServer-MockServer-workerEventLoop7] DEBUG com.networknt.schema.TypeValidator -- validate( "application/json", {"httpRequest":{"method":"POST","path":"/internal/stores/provision"},"httpResponse":{"statusCode":201,"headers":{"Content-Type":["application/json"]},"body":"{\"id\":\"S1\",\"address\":\"123 Main St\",\"description\":\"Provisioned Store\"}"},"id":"053e8634-5ae5-4f97-8db5-2fd6ba119515","priority":0,"timeToLive":{"unlimited":true},"times":{"unlimited":true}}, $.httpResponse.headers.Content-Type[0])
23:32:35.218 [MockServer-MockServer-workerEventLoop7] DEBUG com.networknt.schema.PropertiesValidator -- validate( "application/json", {"httpRequest":{"method":"POST","path":"/internal/stores/provision"},"httpResponse":{"statusCode":201,"headers":{"Content-Type":["application/json"]},"body":"{\"id\":\"S1\",\"address\":\"123 Main St\",\"description\":\"Provisioned Store\"}"},"id":"053e8634-5ae5-4f97-8db5-2fd6ba119515","priority":0,"timeToLive":{"unlimited":true},"times":{"unlimited":true}}, $.httpResponse.headers.Content-Type[0])
23:32:35.219 [MockServer-MockServer-workerEventLoop7] DEBUG com.networknt.schema.AdditionalPropertiesValidator -- validate( "application/json", {"httpRequest":{"method":"POST","path":"/internal/stores/provision"},"httpResponse":{"statusCode":201,"headers":{"Content-Type":["application/json"]},"body":"{\"id\":\"S1\",\"address\":\"123 Main St\",\"description\":\"Provisioned Store\"}"},"id":"053e8634-5ae5-4f97-8db5-2fd6ba119515","priority":0,"timeToLive":{"unlimited":true},"times":{"unlimited":true}}, $.httpResponse.headers.Content-Type[0])
23:32:35.219 [MockServer-MockServer-workerEventLoop7] DEBUG com.networknt.schema.TypeValidator -- validate( "application/json", {"httpRequest":{"method":"POST","path":"/internal/stores/provision"},"httpResponse":{"statusCode":201,"headers":{"Content-Type":["application/json"]},"body":"{\"id\":\"S1\",\"address\":\"123 Main St\",\"description\":\"Provisioned Store\"}"},"id":"053e8634-5ae5-4f97-8db5-2fd6ba119515","priority":0,"timeToLive":{"unlimited":true},"times":{"unlimited":true}}, $.httpResponse.headers.Content-Type[0])
23:32:35.219 [MockServer-MockServer-workerEventLoop7] DEBUG com.networknt.schema.TypeValidator -- validate( ["application/json"], {"httpRequest":{"method":"POST","path":"/internal/stores/provision"},"httpResponse":{"statusCode":201,"headers":{"Content-Type":["application/json"]},"body":"{\"id\":\"S1\",\"address\":\"123 Main St\",\"description\":\"Provisioned Store\"}"},"id":"053e8634-5ae5-4f97-8db5-2fd6ba119515","priority":0,"timeToLive":{"unlimited":true},"times":{"unlimited":true}}, $.httpResponse.headers.Content-Type)
23:32:35.219 [MockServer-MockServer-workerEventLoop7] DEBUG com.networknt.schema.PropertiesValidator -- validate( ["application/json"], {"httpRequest":{"method":"POST","path":"/internal/stores/provision"},"httpResponse":{"statusCode":201,"headers":{"Content-Type":["application/json"]},"body":"{\"id\":\"S1\",\"address\":\"123 Main St\",\"description\":\"Provisioned Store\"}"},"id":"053e8634-5ae5-4f97-8db5-2fd6ba119515","priority":0,"timeToLive":{"unlimited":true},"times":{"unlimited":true}}, $.httpResponse.headers.Content-Type)
23:32:35.219 [MockServer-MockServer-workerEventLoop7] DEBUG com.networknt.schema.AdditionalPropertiesValidator -- validate( ["application/json"], {"httpRequest":{"method":"POST","path":"/internal/stores/provision"},"httpResponse":{"statusCode":201,"headers":{"Content-Type":["application/json"]},"body":"{\"id\":\"S1\",\"address\":\"123 Main St\",\"description\":\"Provisioned Store\"}"},"id":"053e8634-5ae5-4f97-8db5-2fd6ba119515","priority":0,"timeToLive":{"unlimited":true},"times":{"unlimited":true}}, $.httpResponse.headers.Content-Type)
23:32:35.219 [MockServer-MockServer-workerEventLoop7] DEBUG com.networknt.schema.TypeValidator -- validate( ["application/json"], {"httpRequest":{"method":"POST","path":"/internal/stores/provision"},"httpResponse":{"statusCode":201,"headers":{"Content-Type":["application/json"]},"body":"{\"id\":\"S1\",\"address\":\"123 Main St\",\"description\":\"Provisioned Store\"}"},"id":"053e8634-5ae5-4f97-8db5-2fd6ba119515","priority":0,"timeToLive":{"unlimited":true},"times":{"unlimited":true}}, $.httpResponse.headers.Content-Type)
23:32:35.219 [MockServer-MockServer-workerEventLoop7] DEBUG com.networknt.schema.TypeValidator -- validate( {"Content-Type":["application/json"]}, {"httpRequest":{"method":"POST","path":"/internal/stores/provision"},"httpResponse":{"statusCode":201,"headers":{"Content-Type":["application/json"]},"body":"{\"id\":\"S1\",\"address\":\"123 Main St\",\"description\":\"Provisioned Store\"}"},"id":"053e8634-5ae5-4f97-8db5-2fd6ba119515","priority":0,"timeToLive":{"unlimited":true},"times":{"unlimited":true}}, $.httpResponse.headers)
23:32:35.219 [MockServer-MockServer-workerEventLoop7] DEBUG com.networknt.schema.TypeValidator -- validate( 201, {"httpRequest":{"method":"POST","path":"/internal/stores/provision"},"httpResponse":{"statusCode":201,"headers":{"Content-Type":["application/json"]},"body":"{\"id\":\"S1\",\"address\":\"123 Main St\",\"description\":\"Provisioned Store\"}"},"id":"053e8634-5ae5-4f97-8db5-2fd6ba119515","priority":0,"timeToLive":{"unlimited":true},"times":{"unlimited":true}}, $.httpResponse.statusCode)
23:32:35.219 [MockServer-MockServer-workerEventLoop7] DEBUG com.networknt.schema.AdditionalPropertiesValidator -- validate( {"statusCode":201,"headers":{"Content-Type":["application/json"]},"body":"{\"id\":\"S1\",\"address\":\"123 Main St\",\"description\":\"Provisioned Store\"}"}, {"httpRequest":{"method":"POST","path":"/internal/stores/provision"},"httpResponse":{"statusCode":201,"headers":{"Content-Type":["application/json"]},"body":"{\"id\":\"S1\",\"address\":\"123 Main St\",\"description\":\"Provisioned Store\"}"},"id":"053e8634-5ae5-4f97-8db5-2fd6ba119515","priority":0,"timeToLive":{"unlimited":true},"times":{"unlimited":true}}, $.httpResponse)
23:32:35.220 [MockServer-MockServer-workerEventLoop7] DEBUG com.networknt.schema.TypeValidator -- validate( {"statusCode":201,"headers":{"Content-Type":["application/json"]},"body":"{\"id\":\"S1\",\"address\":\"123 Main St\",\"description\":\"Provisioned Store\"}"}, {"httpRequest":{"method":"POST","path":"/internal/stores/provision"},"httpResponse":{"statusCode":201,"headers":{"Content-Type":["application/json"]},"body":"{\"id\":\"S1\",\"address\":\"123 Main St\",\"description\":\"Provisioned Store\"}"},"id":"053e8634-5ae5-4f97-8db5-2fd6ba119515","priority":0,"timeToLive":{"unlimited":true},"times":{"unlimited":true}}, $.httpResponse)
23:32:35.220 [MockServer-MockServer-workerEventLoop7] DEBUG com.networknt.schema.RefValidator -- validate( {"unlimited":true}, {"httpRequest":{"method":"POST","path":"/internal/stores/provision"},"httpResponse":{"statusCode":201,"headers":{"Content-Type":["application/json"]},"body":"{\"id\":\"S1\",\"address\":\"123 Main St\",\"description\":\"Provisioned Store\"}"},"id":"053e8634-5ae5-4f97-8db5-2fd6ba119515","priority":0,"timeToLive":{"unlimited":true},"times":{"unlimited":true}}, $.times)
23:32:35.220 [MockServer-MockServer-workerEventLoop7] DEBUG com.networknt.schema.PropertiesValidator -- validate( {"unlimited":true}, {"httpRequest":{"method":"POST","path":"/internal/stores/provision"},"httpResponse":{"statusCode":201,"headers":{"Content-Type":["application/json"]},"body":"{\"id\":\"S1\",\"address\":\"123 Main St\",\"description\":\"Provisioned Store\"}"},"id":"053e8634-5ae5-4f97-8db5-2fd6ba119515","priority":0,"timeToLive":{"unlimited":true},"times":{"unlimited":true}}, $.times)
23:32:35.220 [MockServer-MockServer-workerEventLoop7] DEBUG com.networknt.schema.TypeValidator -- validate( true, {"httpRequest":{"method":"POST","path":"/internal/stores/provision"},"httpResponse":{"statusCode":201,"headers":{"Content-Type":["application/json"]},"body":"{\"id\":\"S1\",\"address\":\"123 Main St\",\"description\":\"Provisioned Store\"}"},"id":"053e8634-5ae5-4f97-8db5-2fd6ba119515","priority":0,"timeToLive":{"unlimited":true},"times":{"unlimited":true}}, $.times.unlimited)
23:32:35.220 [MockServer-MockServer-workerEventLoop7] DEBUG com.networknt.schema.AdditionalPropertiesValidator -- validate( {"unlimited":true}, {"httpRequest":{"method":"POST","path":"/internal/stores/provision"},"httpResponse":{"statusCode":201,"headers":{"Content-Type":["application/json"]},"body":"{\"id\":\"S1\",\"address\":\"123 Main St\",\"description\":\"Provisioned Store\"}"},"id":"053e8634-5ae5-4f97-8db5-2fd6ba119515","priority":0,"timeToLive":{"unlimited":true},"times":{"unlimited":true}}, $.times)
23:32:35.220 [MockServer-MockServer-workerEventLoop7] DEBUG com.networknt.schema.TypeValidator -- validate( {"unlimited":true}, {"httpRequest":{"method":"POST","path":"/internal/stores/provision"},"httpResponse":{"statusCode":201,"headers":{"Content-Type":["application/json"]},"body":"{\"id\":\"S1\",\"address\":\"123 Main St\",\"description\":\"Provisioned Store\"}"},"id":"053e8634-5ae5-4f97-8db5-2fd6ba119515","priority":0,"timeToLive":{"unlimited":true},"times":{"unlimited":true}}, $.times)
23:32:35.220 [MockServer-MockServer-workerEventLoop7] DEBUG com.networknt.schema.RefValidator -- validate( {"unlimited":true}, {"httpRequest":{"method":"POST","path":"/internal/stores/provision"},"httpResponse":{"statusCode":201,"headers":{"Content-Type":["application/json"]},"body":"{\"id\":\"S1\",\"address\":\"123 Main St\",\"description\":\"Provisioned Store\"}"},"id":"053e8634-5ae5-4f97-8db5-2fd6ba119515","priority":0,"timeToLive":{"unlimited":true},"times":{"unlimited":true}}, $.timeToLive)
23:32:35.220 [MockServer-MockServer-workerEventLoop7] DEBUG com.networknt.schema.PropertiesValidator -- validate( {"unlimited":true}, {"httpRequest":{"method":"POST","path":"/internal/stores/provision"},"httpResponse":{"statusCode":201,"headers":{"Content-Type":["application/json"]},"body":"{\"id\":\"S1\",\"address\":\"123 Main St\",\"description\":\"Provisioned Store\"}"},"id":"053e8634-5ae5-4f97-8db5-2fd6ba119515","priority":0,"timeToLive":{"unlimited":true},"times":{"unlimited":true}}, $.timeToLive)
23:32:35.220 [MockServer-MockServer-workerEventLoop7] DEBUG com.networknt.schema.TypeValidator -- validate( true, {"httpRequest":{"method":"POST","path":"/internal/stores/provision"},"httpResponse":{"statusCode":201,"headers":{"Content-Type":["application/json"]},"body":"{\"id\":\"S1\",\"address\":\"123 Main St\",\"description\":\"Provisioned Store\"}"},"id":"053e8634-5ae5-4f97-8db5-2fd6ba119515","priority":0,"timeToLive":{"unlimited":true},"times":{"unlimited":true}}, $.timeToLive.unlimited)
23:32:35.221 [MockServer-MockServer-workerEventLoop7] DEBUG com.networknt.schema.AdditionalPropertiesValidator -- validate( {"unlimited":true}, {"httpRequest":{"method":"POST","path":"/internal/stores/provision"},"httpResponse":{"statusCode":201,"headers":{"Content-Type":["application/json"]},"body":"{\"id\":\"S1\",\"address\":\"123 Main St\",\"description\":\"Provisioned Store\"}"},"id":"053e8634-5ae5-4f97-8db5-2fd6ba119515","priority":0,"timeToLive":{"unlimited":true},"times":{"unlimited":true}}, $.timeToLive)
23:32:35.221 [MockServer-MockServer-workerEventLoop7] DEBUG com.networknt.schema.TypeValidator -- validate( {"unlimited":true}, {"httpRequest":{"method":"POST","path":"/internal/stores/provision"},"httpResponse":{"statusCode":201,"headers":{"Content-Type":["application/json"]},"body":"{\"id\":\"S1\",\"address\":\"123 Main St\",\"description\":\"Provisioned Store\"}"},"id":"053e8634-5ae5-4f97-8db5-2fd6ba119515","priority":0,"timeToLive":{"unlimited":true},"times":{"unlimited":true}}, $.timeToLive)
23:32:35.221 [MockServer-MockServer-workerEventLoop7] DEBUG com.networknt.schema.AdditionalPropertiesValidator -- validate( {"httpRequest":{"method":"POST","path":"/internal/stores/provision"},"httpResponse":{"statusCode":201,"headers":{"Content-Type":["application/json"]},"body":"{\"id\":\"S1\",\"address\":\"123 Main St\",\"description\":\"Provisioned Store\"}"},"id":"053e8634-5ae5-4f97-8db5-2fd6ba119515","priority":0,"timeToLive":{"unlimited":true},"times":{"unlimited":true}}, {"httpRequest":{"method":"POST","path":"/internal/stores/provision"},"httpResponse":{"statusCode":201,"headers":{"Content-Type":["application/json"]},"body":"{\"id\":\"S1\",\"address\":\"123 Main St\",\"description\":\"Provisioned Store\"}"},"id":"053e8634-5ae5-4f97-8db5-2fd6ba119515","priority":0,"timeToLive":{"unlimited":true},"times":{"unlimited":true}}, $)
23:32:35.221 [MockServer-MockServer-workerEventLoop7] DEBUG com.networknt.schema.OneOfValidator -- validate( {"httpRequest":{"method":"POST","path":"/internal/stores/provision"},"httpResponse":{"statusCode":201,"headers":{"Content-Type":["application/json"]},"body":"{\"id\":\"S1\",\"address\":\"123 Main St\",\"description\":\"Provisioned Store\"}"},"id":"053e8634-5ae5-4f97-8db5-2fd6ba119515","priority":0,"timeToLive":{"unlimited":true},"times":{"unlimited":true}}, {"httpRequest":{"method":"POST","path":"/internal/stores/provision"},"httpResponse":{"statusCode":201,"headers":{"Content-Type":["application/json"]},"body":"{\"id\":\"S1\",\"address\":\"123 Main St\",\"description\":\"Provisioned Store\"}"},"id":"053e8634-5ae5-4f97-8db5-2fd6ba119515","priority":0,"timeToLive":{"unlimited":true},"times":{"unlimited":true}}, $)
23:32:35.221 [MockServer-MockServer-workerEventLoop7] DEBUG com.networknt.schema.RequiredValidator -- validate( {"httpRequest":{"method":"POST","path":"/internal/stores/provision"},"httpResponse":{"statusCode":201,"headers":{"Content-Type":["application/json"]},"body":"{\"id\":\"S1\",\"address\":\"123 Main St\",\"description\":\"Provisioned Store\"}"},"id":"053e8634-5ae5-4f97-8db5-2fd6ba119515","priority":0,"timeToLive":{"unlimited":true},"times":{"unlimited":true}}, {"httpRequest":{"method":"POST","path":"/internal/stores/provision"},"httpResponse":{"statusCode":201,"headers":{"Content-Type":["application/json"]},"body":"{\"id\":\"S1\",\"address\":\"123 Main St\",\"description\":\"Provisioned Store\"}"},"id":"053e8634-5ae5-4f97-8db5-2fd6ba119515","priority":0,"timeToLive":{"unlimited":true},"times":{"unlimited":true}}, $)
23:32:35.222 [MockServer-MockServer-workerEventLoop7] DEBUG com.networknt.schema.RequiredValidator -- validate( {"httpRequest":{"method":"POST","path":"/internal/stores/provision"},"httpResponse":{"statusCode":201,"headers":{"Content-Type":["application/json"]},"body":"{\"id\":\"S1\",\"address\":\"123 Main St\",\"description\":\"Provisioned Store\"}"},"id":"053e8634-5ae5-4f97-8db5-2fd6ba119515","priority":0,"timeToLive":{"unlimited":true},"times":{"unlimited":true}}, {"httpRequest":{"method":"POST","path":"/internal/stores/provision"},"httpResponse":{"statusCode":201,"headers":{"Content-Type":["application/json"]},"body":"{\"id\":\"S1\",\"address\":\"123 Main St\",\"description\":\"Provisioned Store\"}"},"id":"053e8634-5ae5-4f97-8db5-2fd6ba119515","priority":0,"timeToLive":{"unlimited":true},"times":{"unlimited":true}}, $)
23:32:35.222 [MockServer-MockServer-workerEventLoop7] DEBUG com.networknt.schema.RequiredValidator -- validate( {"httpRequest":{"method":"POST","path":"/internal/stores/provision"},"httpResponse":{"statusCode":201,"headers":{"Content-Type":["application/json"]},"body":"{\"id\":\"S1\",\"address\":\"123 Main St\",\"description\":\"Provisioned Store\"}"},"id":"053e8634-5ae5-4f97-8db5-2fd6ba119515","priority":0,"timeToLive":{"unlimited":true},"times":{"unlimited":true}}, {"httpRequest":{"method":"POST","path":"/internal/stores/provision"},"httpResponse":{"statusCode":201,"headers":{"Content-Type":["application/json"]},"body":"{\"id\":\"S1\",\"address\":\"123 Main St\",\"description\":\"Provisioned Store\"}"},"id":"053e8634-5ae5-4f97-8db5-2fd6ba119515","priority":0,"timeToLive":{"unlimited":true},"times":{"unlimited":true}}, $)
23:32:35.222 [MockServer-MockServer-workerEventLoop7] DEBUG com.networknt.schema.RequiredValidator -- validate( {"httpRequest":{"method":"POST","path":"/internal/stores/provision"},"httpResponse":{"statusCode":201,"headers":{"Content-Type":["application/json"]},"body":"{\"id\":\"S1\",\"address\":\"123 Main St\",\"description\":\"Provisioned Store\"}"},"id":"053e8634-5ae5-4f97-8db5-2fd6ba119515","priority":0,"timeToLive":{"unlimited":true},"times":{"unlimited":true}}, {"httpRequest":{"method":"POST","path":"/internal/stores/provision"},"httpResponse":{"statusCode":201,"headers":{"Content-Type":["application/json"]},"body":"{\"id\":\"S1\",\"address\":\"123 Main St\",\"description\":\"Provisioned Store\"}"},"id":"053e8634-5ae5-4f97-8db5-2fd6ba119515","priority":0,"timeToLive":{"unlimited":true},"times":{"unlimited":true}}, $)
23:32:35.222 [MockServer-MockServer-workerEventLoop7] DEBUG com.networknt.schema.RequiredValidator -- validate( {"httpRequest":{"method":"POST","path":"/internal/stores/provision"},"httpResponse":{"statusCode":201,"headers":{"Content-Type":["application/json"]},"body":"{\"id\":\"S1\",\"address\":\"123 Main St\",\"description\":\"Provisioned Store\"}"},"id":"053e8634-5ae5-4f97-8db5-2fd6ba119515","priority":0,"timeToLive":{"unlimited":true},"times":{"unlimited":true}}, {"httpRequest":{"method":"POST","path":"/internal/stores/provision"},"httpResponse":{"statusCode":201,"headers":{"Content-Type":["application/json"]},"body":"{\"id\":\"S1\",\"address\":\"123 Main St\",\"description\":\"Provisioned Store\"}"},"id":"053e8634-5ae5-4f97-8db5-2fd6ba119515","priority":0,"timeToLive":{"unlimited":true},"times":{"unlimited":true}}, $)
23:32:35.222 [MockServer-MockServer-workerEventLoop7] DEBUG com.networknt.schema.RequiredValidator -- validate( {"httpRequest":{"method":"POST","path":"/internal/stores/provision"},"httpResponse":{"statusCode":201,"headers":{"Content-Type":["application/json"]},"body":"{\"id\":\"S1\",\"address\":\"123 Main St\",\"description\":\"Provisioned Store\"}"},"id":"053e8634-5ae5-4f97-8db5-2fd6ba119515","priority":0,"timeToLive":{"unlimited":true},"times":{"unlimited":true}}, {"httpRequest":{"method":"POST","path":"/internal/stores/provision"},"httpResponse":{"statusCode":201,"headers":{"Content-Type":["application/json"]},"body":"{\"id\":\"S1\",\"address\":\"123 Main St\",\"description\":\"Provisioned Store\"}"},"id":"053e8634-5ae5-4f97-8db5-2fd6ba119515","priority":0,"timeToLive":{"unlimited":true},"times":{"unlimited":true}}, $)
23:32:35.222 [MockServer-MockServer-workerEventLoop7] DEBUG com.networknt.schema.RequiredValidator -- validate( {"httpRequest":{"method":"POST","path":"/internal/stores/provision"},"httpResponse":{"statusCode":201,"headers":{"Content-Type":["application/json"]},"body":"{\"id\":\"S1\",\"address\":\"123 Main St\",\"description\":\"Provisioned Store\"}"},"id":"053e8634-5ae5-4f97-8db5-2fd6ba119515","priority":0,"timeToLive":{"unlimited":true},"times":{"unlimited":true}}, {"httpRequest":{"method":"POST","path":"/internal/stores/provision"},"httpResponse":{"statusCode":201,"headers":{"Content-Type":["application/json"]},"body":"{\"id\":\"S1\",\"address\":\"123 Main St\",\"description\":\"Provisioned Store\"}"},"id":"053e8634-5ae5-4f97-8db5-2fd6ba119515","priority":0,"timeToLive":{"unlimited":true},"times":{"unlimited":true}}, $)
23:32:35.222 [MockServer-MockServer-workerEventLoop7] DEBUG com.networknt.schema.RequiredValidator -- validate( {"httpRequest":{"method":"POST","path":"/internal/stores/provision"},"httpResponse":{"statusCode":201,"headers":{"Content-Type":["application/json"]},"body":"{\"id\":\"S1\",\"address\":\"123 Main St\",\"description\":\"Provisioned Store\"}"},"id":"053e8634-5ae5-4f97-8db5-2fd6ba119515","priority":0,"timeToLive":{"unlimited":true},"times":{"unlimited":true}}, {"httpRequest":{"method":"POST","path":"/internal/stores/provision"},"httpResponse":{"statusCode":201,"headers":{"Content-Type":["application/json"]},"body":"{\"id\":\"S1\",\"address\":\"123 Main St\",\"description\":\"Provisioned Store\"}"},"id":"053e8634-5ae5-4f97-8db5-2fd6ba119515","priority":0,"timeToLive":{"unlimited":true},"times":{"unlimited":true}}, $)
23:32:35.223 [MockServer-MockServer-workerEventLoop7] DEBUG com.networknt.schema.RequiredValidator -- validate( {"httpRequest":{"method":"POST","path":"/internal/stores/provision"},"httpResponse":{"statusCode":201,"headers":{"Content-Type":["application/json"]},"body":"{\"id\":\"S1\",\"address\":\"123 Main St\",\"description\":\"Provisioned Store\"}"},"id":"053e8634-5ae5-4f97-8db5-2fd6ba119515","priority":0,"timeToLive":{"unlimited":true},"times":{"unlimited":true}}, {"httpRequest":{"method":"POST","path":"/internal/stores/provision"},"httpResponse":{"statusCode":201,"headers":{"Content-Type":["application/json"]},"body":"{\"id\":\"S1\",\"address\":\"123 Main St\",\"description\":\"Provisioned Store\"}"},"id":"053e8634-5ae5-4f97-8db5-2fd6ba119515","priority":0,"timeToLive":{"unlimited":true},"times":{"unlimited":true}}, $)
23:32:35.223 [MockServer-MockServer-workerEventLoop7] DEBUG com.networknt.schema.RequiredValidator -- validate( {"httpRequest":{"method":"POST","path":"/internal/stores/provision"},"httpResponse":{"statusCode":201,"headers":{"Content-Type":["application/json"]},"body":"{\"id\":\"S1\",\"address\":\"123 Main St\",\"description\":\"Provisioned Store\"}"},"id":"053e8634-5ae5-4f97-8db5-2fd6ba119515","priority":0,"timeToLive":{"unlimited":true},"times":{"unlimited":true}}, {"httpRequest":{"method":"POST","path":"/internal/stores/provision"},"httpResponse":{"statusCode":201,"headers":{"Content-Type":["application/json"]},"body":"{\"id\":\"S1\",\"address\":\"123 Main St\",\"description\":\"Provisioned Store\"}"},"id":"053e8634-5ae5-4f97-8db5-2fd6ba119515","priority":0,"timeToLive":{"unlimited":true},"times":{"unlimited":true}}, $)
23:32:35.223 [MockServer-MockServer-workerEventLoop7] DEBUG com.networknt.schema.TypeValidator -- validate( {"httpRequest":{"method":"POST","path":"/internal/stores/provision"},"httpResponse":{"statusCode":201,"headers":{"Content-Type":["application/json"]},"body":"{\"id\":\"S1\",\"address\":\"123 Main St\",\"description\":\"Provisioned Store\"}"},"id":"053e8634-5ae5-4f97-8db5-2fd6ba119515","priority":0,"timeToLive":{"unlimited":true},"times":{"unlimited":true}}, {"httpRequest":{"method":"POST","path":"/internal/stores/provision"},"httpResponse":{"statusCode":201,"headers":{"Content-Type":["application/json"]},"body":"{\"id\":\"S1\",\"address\":\"123 Main St\",\"description\":\"Provisioned Store\"}"},"id":"053e8634-5ae5-4f97-8db5-2fd6ba119515","priority":0,"timeToLive":{"unlimited":true},"times":{"unlimited":true}}, $)
23:32:35.324 [MockServer-EventLog0] INFO org.mockserver.log.MockServerEventLog -- 8888 creating expectation:

  {
    "httpRequest" : {
      "method" : "POST",
      "path" : "/internal/stores/provision"
    },
    "httpResponse" : {
      "statusCode" : 201,
      "headers" : {
        "Content-Type" : [ "application/json" ]
      },
      "body" : "{\"id\":\"S1\",\"address\":\"123 Main St\",\"description\":\"Provisioned Store\"}"
    },
    "id" : "053e8634-5ae5-4f97-8db5-2fd6ba119515",
    "priority" : 0,
    "timeToLive" : {
      "unlimited" : true
    },
    "times" : {
      "unlimited" : true
    }
  }

 with id:

  053e8634-5ae5-4f97-8db5-2fd6ba119515

23:32:35.326 [main] DEBUG com.networknt.schema.PropertiesValidator -- validate( {"httpRequest":{"method":"POST","path":"/internal/stores/provision"},"httpResponse":{"statusCode":201,"headers":{"Content-Type":["application/json"]},"body":"{\"id\":\"S1\",\"address\":\"123 Main St\",\"description\":\"Provisioned Store\"}"},"id":"053e8634-5ae5-4f97-8db5-2fd6ba119515","priority":0,"timeToLive":{"unlimited":true},"times":{"unlimited":true}}, {"httpRequest":{"method":"POST","path":"/internal/stores/provision"},"httpResponse":{"statusCode":201,"headers":{"Content-Type":["application/json"]},"body":"{\"id\":\"S1\",\"address\":\"123 Main St\",\"description\":\"Provisioned Store\"}"},"id":"053e8634-5ae5-4f97-8db5-2fd6ba119515","priority":0,"timeToLive":{"unlimited":true},"times":{"unlimited":true}}, $)
23:32:35.326 [main] DEBUG com.networknt.schema.TypeValidator -- validate( "053e8634-5ae5-4f97-8db5-2fd6ba119515", {"httpRequest":{"method":"POST","path":"/internal/stores/provision"},"httpResponse":{"statusCode":201,"headers":{"Content-Type":["application/json"]},"body":"{\"id\":\"S1\",\"address\":\"123 Main St\",\"description\":\"Provisioned Store\"}"},"id":"053e8634-5ae5-4f97-8db5-2fd6ba119515","priority":0,"timeToLive":{"unlimited":true},"times":{"unlimited":true}}, $.id)
23:32:35.327 [main] DEBUG com.networknt.schema.TypeValidator -- validate( 0, {"httpRequest":{"method":"POST","path":"/internal/stores/provision"},"httpResponse":{"statusCode":201,"headers":{"Content-Type":["application/json"]},"body":"{\"id\":\"S1\",\"address\":\"123 Main St\",\"description\":\"Provisioned Store\"}"},"id":"053e8634-5ae5-4f97-8db5-2fd6ba119515","priority":0,"timeToLive":{"unlimited":true},"times":{"unlimited":true}}, $.priority)
23:32:35.327 [main] DEBUG com.networknt.schema.RefValidator -- validate( {"method":"POST","path":"/internal/stores/provision"}, {"httpRequest":{"method":"POST","path":"/internal/stores/provision"},"httpResponse":{"statusCode":201,"headers":{"Content-Type":["application/json"]},"body":"{\"id\":\"S1\",\"address\":\"123 Main St\",\"description\":\"Provisioned Store\"}"},"id":"053e8634-5ae5-4f97-8db5-2fd6ba119515","priority":0,"timeToLive":{"unlimited":true},"times":{"unlimited":true}}, $.httpRequest)
23:32:35.327 [main] DEBUG com.networknt.schema.RequiredValidator -- validate( {"method":"POST","path":"/internal/stores/provision"}, {"httpRequest":{"method":"POST","path":"/internal/stores/provision"},"httpResponse":{"statusCode":201,"headers":{"Content-Type":["application/json"]},"body":"{\"id\":\"S1\",\"address\":\"123 Main St\",\"description\":\"Provisioned Store\"}"},"id":"053e8634-5ae5-4f97-8db5-2fd6ba119515","priority":0,"timeToLive":{"unlimited":true},"times":{"unlimited":true}}, $.httpRequest)
23:32:35.327 [main] DEBUG com.networknt.schema.RefValidator -- validate( {"method":"POST","path":"/internal/stores/provision"}, {"httpRequest":{"method":"POST","path":"/internal/stores/provision"},"httpResponse":{"statusCode":201,"headers":{"Content-Type":["application/json"]},"body":"{\"id\":\"S1\",\"address\":\"123 Main St\",\"description\":\"Provisioned Store\"}"},"id":"053e8634-5ae5-4f97-8db5-2fd6ba119515","priority":0,"timeToLive":{"unlimited":true},"times":{"unlimited":true}}, $.httpRequest)
23:32:35.327 [main] DEBUG com.networknt.schema.PropertiesValidator -- validate( {"method":"POST","path":"/internal/stores/provision"}, {"httpRequest":{"method":"POST","path":"/internal/stores/provision"},"httpResponse":{"statusCode":201,"headers":{"Content-Type":["application/json"]},"body":"{\"id\":\"S1\",\"address\":\"123 Main St\",\"description\":\"Provisioned Store\"}"},"id":"053e8634-5ae5-4f97-8db5-2fd6ba119515","priority":0,"timeToLive":{"unlimited":true},"times":{"unlimited":true}}, $.httpRequest)
23:32:35.327 [main] DEBUG com.networknt.schema.RefValidator -- validate( "POST", {"httpRequest":{"method":"POST","path":"/internal/stores/provision"},"httpResponse":{"statusCode":201,"headers":{"Content-Type":["application/json"]},"body":"{\"id\":\"S1\",\"address\":\"123 Main St\",\"description\":\"Provisioned Store\"}"},"id":"053e8634-5ae5-4f97-8db5-2fd6ba119515","priority":0,"timeToLive":{"unlimited":true},"times":{"unlimited":true}}, $.httpRequest.method)
23:32:35.327 [main] DEBUG com.networknt.schema.OneOfValidator -- validate( "POST", {"httpRequest":{"method":"POST","path":"/internal/stores/provision"},"httpResponse":{"statusCode":201,"headers":{"Content-Type":["application/json"]},"body":"{\"id\":\"S1\",\"address\":\"123 Main St\",\"description\":\"Provisioned Store\"}"},"id":"053e8634-5ae5-4f97-8db5-2fd6ba119515","priority":0,"timeToLive":{"unlimited":true},"times":{"unlimited":true}}, $.httpRequest.method)
23:32:35.327 [main] DEBUG com.networknt.schema.TypeValidator -- validate( "POST", {"httpRequest":{"method":"POST","path":"/internal/stores/provision"},"httpResponse":{"statusCode":201,"headers":{"Content-Type":["application/json"]},"body":"{\"id\":\"S1\",\"address\":\"123 Main St\",\"description\":\"Provisioned Store\"}"},"id":"053e8634-5ae5-4f97-8db5-2fd6ba119515","priority":0,"timeToLive":{"unlimited":true},"times":{"unlimited":true}}, $.httpRequest.method)
23:32:35.327 [main] DEBUG com.networknt.schema.PropertiesValidator -- validate( "POST", {"httpRequest":{"method":"POST","path":"/internal/stores/provision"},"httpResponse":{"statusCode":201,"headers":{"Content-Type":["application/json"]},"body":"{\"id\":\"S1\",\"address\":\"123 Main St\",\"description\":\"Provisioned Store\"}"},"id":"053e8634-5ae5-4f97-8db5-2fd6ba119515","priority":0,"timeToLive":{"unlimited":true},"times":{"unlimited":true}}, $.httpRequest.method)
23:32:35.327 [main] DEBUG com.networknt.schema.AdditionalPropertiesValidator -- validate( "POST", {"httpRequest":{"method":"POST","path":"/internal/stores/provision"},"httpResponse":{"statusCode":201,"headers":{"Content-Type":["application/json"]},"body":"{\"id\":\"S1\",\"address\":\"123 Main St\",\"description\":\"Provisioned Store\"}"},"id":"053e8634-5ae5-4f97-8db5-2fd6ba119515","priority":0,"timeToLive":{"unlimited":true},"times":{"unlimited":true}}, $.httpRequest.method)
23:32:35.328 [main] DEBUG com.networknt.schema.TypeValidator -- validate( "POST", {"httpRequest":{"method":"POST","path":"/internal/stores/provision"},"httpResponse":{"statusCode":201,"headers":{"Content-Type":["application/json"]},"body":"{\"id\":\"S1\",\"address\":\"123 Main St\",\"description\":\"Provisioned Store\"}"},"id":"053e8634-5ae5-4f97-8db5-2fd6ba119515","priority":0,"timeToLive":{"unlimited":true},"times":{"unlimited":true}}, $.httpRequest.method)
23:32:35.328 [main] DEBUG com.networknt.schema.RefValidator -- validate( "/internal/stores/provision", {"httpRequest":{"method":"POST","path":"/internal/stores/provision"},"httpResponse":{"statusCode":201,"headers":{"Content-Type":["application/json"]},"body":"{\"id\":\"S1\",\"address\":\"123 Main St\",\"description\":\"Provisioned Store\"}"},"id":"053e8634-5ae5-4f97-8db5-2fd6ba119515","priority":0,"timeToLive":{"unlimited":true},"times":{"unlimited":true}}, $.httpRequest.path)
23:32:35.328 [main] DEBUG com.networknt.schema.OneOfValidator -- validate( "/internal/stores/provision", {"httpRequest":{"method":"POST","path":"/internal/stores/provision"},"httpResponse":{"statusCode":201,"headers":{"Content-Type":["application/json"]},"body":"{\"id\":\"S1\",\"address\":\"123 Main St\",\"description\":\"Provisioned Store\"}"},"id":"053e8634-5ae5-4f97-8db5-2fd6ba119515","priority":0,"timeToLive":{"unlimited":true},"times":{"unlimited":true}}, $.httpRequest.path)
23:32:35.328 [main] DEBUG com.networknt.schema.TypeValidator -- validate( "/internal/stores/provision", {"httpRequest":{"method":"POST","path":"/internal/stores/provision"},"httpResponse":{"statusCode":201,"headers":{"Content-Type":["application/json"]},"body":"{\"id\":\"S1\",\"address\":\"123 Main St\",\"description\":\"Provisioned Store\"}"},"id":"053e8634-5ae5-4f97-8db5-2fd6ba119515","priority":0,"timeToLive":{"unlimited":true},"times":{"unlimited":true}}, $.httpRequest.path)
23:32:35.328 [main] DEBUG com.networknt.schema.PropertiesValidator -- validate( "/internal/stores/provision", {"httpRequest":{"method":"POST","path":"/internal/stores/provision"},"httpResponse":{"statusCode":201,"headers":{"Content-Type":["application/json"]},"body":"{\"id\":\"S1\",\"address\":\"123 Main St\",\"description\":\"Provisioned Store\"}"},"id":"053e8634-5ae5-4f97-8db5-2fd6ba119515","priority":0,"timeToLive":{"unlimited":true},"times":{"unlimited":true}}, $.httpRequest.path)
23:32:35.328 [main] DEBUG com.networknt.schema.AdditionalPropertiesValidator -- validate( "/internal/stores/provision", {"httpRequest":{"method":"POST","path":"/internal/stores/provision"},"httpResponse":{"statusCode":201,"headers":{"Content-Type":["application/json"]},"body":"{\"id\":\"S1\",\"address\":\"123 Main St\",\"description\":\"Provisioned Store\"}"},"id":"053e8634-5ae5-4f97-8db5-2fd6ba119515","priority":0,"timeToLive":{"unlimited":true},"times":{"unlimited":true}}, $.httpRequest.path)
23:32:35.328 [main] DEBUG com.networknt.schema.TypeValidator -- validate( "/internal/stores/provision", {"httpRequest":{"method":"POST","path":"/internal/stores/provision"},"httpResponse":{"statusCode":201,"headers":{"Content-Type":["application/json"]},"body":"{\"id\":\"S1\",\"address\":\"123 Main St\",\"description\":\"Provisioned Store\"}"},"id":"053e8634-5ae5-4f97-8db5-2fd6ba119515","priority":0,"timeToLive":{"unlimited":true},"times":{"unlimited":true}}, $.httpRequest.path)
23:32:35.329 [main] DEBUG com.networknt.schema.AdditionalPropertiesValidator -- validate( {"method":"POST","path":"/internal/stores/provision"}, {"httpRequest":{"method":"POST","path":"/internal/stores/provision"},"httpResponse":{"statusCode":201,"headers":{"Content-Type":["application/json"]},"body":"{\"id\":\"S1\",\"address\":\"123 Main St\",\"description\":\"Provisioned Store\"}"},"id":"053e8634-5ae5-4f97-8db5-2fd6ba119515","priority":0,"timeToLive":{"unlimited":true},"times":{"unlimited":true}}, $.httpRequest)
23:32:35.330 [main] DEBUG com.networknt.schema.TypeValidator -- validate( {"method":"POST","path":"/internal/stores/provision"}, {"httpRequest":{"method":"POST","path":"/internal/stores/provision"},"httpResponse":{"statusCode":201,"headers":{"Content-Type":["application/json"]},"body":"{\"id\":\"S1\",\"address\":\"123 Main St\",\"description\":\"Provisioned Store\"}"},"id":"053e8634-5ae5-4f97-8db5-2fd6ba119515","priority":0,"timeToLive":{"unlimited":true},"times":{"unlimited":true}}, $.httpRequest)
23:32:35.330 [main] DEBUG com.networknt.schema.RefValidator -- validate( {"statusCode":201,"headers":{"Content-Type":["application/json"]},"body":"{\"id\":\"S1\",\"address\":\"123 Main St\",\"description\":\"Provisioned Store\"}"}, {"httpRequest":{"method":"POST","path":"/internal/stores/provision"},"httpResponse":{"statusCode":201,"headers":{"Content-Type":["application/json"]},"body":"{\"id\":\"S1\",\"address\":\"123 Main St\",\"description\":\"Provisioned Store\"}"},"id":"053e8634-5ae5-4f97-8db5-2fd6ba119515","priority":0,"timeToLive":{"unlimited":true},"times":{"unlimited":true}}, $.httpResponse)
23:32:35.330 [main] DEBUG com.networknt.schema.PropertiesValidator -- validate( {"statusCode":201,"headers":{"Content-Type":["application/json"]},"body":"{\"id\":\"S1\",\"address\":\"123 Main St\",\"description\":\"Provisioned Store\"}"}, {"httpRequest":{"method":"POST","path":"/internal/stores/provision"},"httpResponse":{"statusCode":201,"headers":{"Content-Type":["application/json"]},"body":"{\"id\":\"S1\",\"address\":\"123 Main St\",\"description\":\"Provisioned Store\"}"},"id":"053e8634-5ae5-4f97-8db5-2fd6ba119515","priority":0,"timeToLive":{"unlimited":true},"times":{"unlimited":true}}, $.httpResponse)
23:32:35.330 [main] DEBUG com.networknt.schema.RefValidator -- validate( "{\"id\":\"S1\",\"address\":\"123 Main St\",\"description\":\"Provisioned Store\"}", {"httpRequest":{"method":"POST","path":"/internal/stores/provision"},"httpResponse":{"statusCode":201,"headers":{"Content-Type":["application/json"]},"body":"{\"id\":\"S1\",\"address\":\"123 Main St\",\"description\":\"Provisioned Store\"}"},"id":"053e8634-5ae5-4f97-8db5-2fd6ba119515","priority":0,"timeToLive":{"unlimited":true},"times":{"unlimited":true}}, $.httpResponse.body)
23:32:35.331 [main] DEBUG com.networknt.schema.RequiredValidator -- validate( "{\"id\":\"S1\",\"address\":\"123 Main St\",\"description\":\"Provisioned Store\"}", {"httpRequest":{"method":"POST","path":"/internal/stores/provision"},"httpResponse":{"statusCode":201,"headers":{"Content-Type":["application/json"]},"body":"{\"id\":\"S1\",\"address\":\"123 Main St\",\"description\":\"Provisioned Store\"}"},"id":"053e8634-5ae5-4f97-8db5-2fd6ba119515","priority":0,"timeToLive":{"unlimited":true},"times":{"unlimited":true}}, $.httpResponse.body)
23:32:35.331 [main] DEBUG com.networknt.schema.PropertiesValidator -- validate( "{\"id\":\"S1\",\"address\":\"123 Main St\",\"description\":\"Provisioned Store\"}", {"httpRequest":{"method":"POST","path":"/internal/stores/provision"},"httpResponse":{"statusCode":201,"headers":{"Content-Type":["application/json"]},"body":"{\"id\":\"S1\",\"address\":\"123 Main St\",\"description\":\"Provisioned Store\"}"},"id":"053e8634-5ae5-4f97-8db5-2fd6ba119515","priority":0,"timeToLive":{"unlimited":true},"times":{"unlimited":true}}, $.httpResponse.body)
23:32:35.331 [main] DEBUG com.networknt.schema.AdditionalPropertiesValidator -- validate( "{\"id\":\"S1\",\"address\":\"123 Main St\",\"description\":\"Provisioned Store\"}", {"httpRequest":{"method":"POST","path":"/internal/stores/provision"},"httpResponse":{"statusCode":201,"headers":{"Content-Type":["application/json"]},"body":"{\"id\":\"S1\",\"address\":\"123 Main St\",\"description\":\"Provisioned Store\"}"},"id":"053e8634-5ae5-4f97-8db5-2fd6ba119515","priority":0,"timeToLive":{"unlimited":true},"times":{"unlimited":true}}, $.httpResponse.body)
23:32:35.331 [main] DEBUG com.networknt.schema.TypeValidator -- validate( "{\"id\":\"S1\",\"address\":\"123 Main St\",\"description\":\"Provisioned Store\"}", {"httpRequest":{"method":"POST","path":"/internal/stores/provision"},"httpResponse":{"statusCode":201,"headers":{"Content-Type":["application/json"]},"body":"{\"id\":\"S1\",\"address\":\"123 Main St\",\"description\":\"Provisioned Store\"}"},"id":"053e8634-5ae5-4f97-8db5-2fd6ba119515","priority":0,"timeToLive":{"unlimited":true},"times":{"unlimited":true}}, $.httpResponse.body)
23:32:35.331 [main] DEBUG com.networknt.schema.PropertiesValidator -- validate( "{\"id\":\"S1\",\"address\":\"123 Main St\",\"description\":\"Provisioned Store\"}", {"httpRequest":{"method":"POST","path":"/internal/stores/provision"},"httpResponse":{"statusCode":201,"headers":{"Content-Type":["application/json"]},"body":"{\"id\":\"S1\",\"address\":\"123 Main St\",\"description\":\"Provisioned Store\"}"},"id":"053e8634-5ae5-4f97-8db5-2fd6ba119515","priority":0,"timeToLive":{"unlimited":true},"times":{"unlimited":true}}, $.httpResponse.body)
23:32:35.331 [main] DEBUG com.networknt.schema.AdditionalPropertiesValidator -- validate( "{\"id\":\"S1\",\"address\":\"123 Main St\",\"description\":\"Provisioned Store\"}", {"httpRequest":{"method":"POST","path":"/internal/stores/provision"},"httpResponse":{"statusCode":201,"headers":{"Content-Type":["application/json"]},"body":"{\"id\":\"S1\",\"address\":\"123 Main St\",\"description\":\"Provisioned Store\"}"},"id":"053e8634-5ae5-4f97-8db5-2fd6ba119515","priority":0,"timeToLive":{"unlimited":true},"times":{"unlimited":true}}, $.httpResponse.body)
23:32:35.332 [main] DEBUG com.networknt.schema.TypeValidator -- validate( "{\"id\":\"S1\",\"address\":\"123 Main St\",\"description\":\"Provisioned Store\"}", {"httpRequest":{"method":"POST","path":"/internal/stores/provision"},"httpResponse":{"statusCode":201,"headers":{"Content-Type":["application/json"]},"body":"{\"id\":\"S1\",\"address\":\"123 Main St\",\"description\":\"Provisioned Store\"}"},"id":"053e8634-5ae5-4f97-8db5-2fd6ba119515","priority":0,"timeToLive":{"unlimited":true},"times":{"unlimited":true}}, $.httpResponse.body)
23:32:35.332 [main] DEBUG com.networknt.schema.AdditionalPropertiesValidator -- validate( "{\"id\":\"S1\",\"address\":\"123 Main St\",\"description\":\"Provisioned Store\"}", {"httpRequest":{"method":"POST","path":"/internal/stores/provision"},"httpResponse":{"statusCode":201,"headers":{"Content-Type":["application/json"]},"body":"{\"id\":\"S1\",\"address\":\"123 Main St\",\"description\":\"Provisioned Store\"}"},"id":"053e8634-5ae5-4f97-8db5-2fd6ba119515","priority":0,"timeToLive":{"unlimited":true},"times":{"unlimited":true}}, $.httpResponse.body)
23:32:35.332 [main] DEBUG com.networknt.schema.TypeValidator -- validate( "{\"id\":\"S1\",\"address\":\"123 Main St\",\"description\":\"Provisioned Store\"}", {"httpRequest":{"method":"POST","path":"/internal/stores/provision"},"httpResponse":{"statusCode":201,"headers":{"Content-Type":["application/json"]},"body":"{\"id\":\"S1\",\"address\":\"123 Main St\",\"description\":\"Provisioned Store\"}"},"id":"053e8634-5ae5-4f97-8db5-2fd6ba119515","priority":0,"timeToLive":{"unlimited":true},"times":{"unlimited":true}}, $.httpResponse.body)
23:32:35.332 [main] DEBUG com.networknt.schema.AdditionalPropertiesValidator -- validate( "{\"id\":\"S1\",\"address\":\"123 Main St\",\"description\":\"Provisioned Store\"}", {"httpRequest":{"method":"POST","path":"/internal/stores/provision"},"httpResponse":{"statusCode":201,"headers":{"Content-Type":["application/json"]},"body":"{\"id\":\"S1\",\"address\":\"123 Main St\",\"description\":\"Provisioned Store\"}"},"id":"053e8634-5ae5-4f97-8db5-2fd6ba119515","priority":0,"timeToLive":{"unlimited":true},"times":{"unlimited":true}}, $.httpResponse.body)
[...]
23:32:35.643 [main] DEBUG com.networknt.schema.TypeValidator -- validate( true, {"httpRequest":{"method":"POST","path":"/internal/events"},"httpResponse":{"statusCode":202,"body":"{\"status\":\"accepted\"}"},"id":"f6302392-3c4b-4c39-a604-70f563d6ebc9","priority":0,"timeToLive":{"unlimited":true},"times":{"unlimited":true}}, $.times.unlimited)
23:32:35.643 [main] DEBUG com.networknt.schema.AdditionalPropertiesValidator -- validate( {"unlimited":true}, {"httpRequest":{"method":"POST","path":"/internal/events"},"httpResponse":{"statusCode":202,"body":"{\"status\":\"accepted\"}"},"id":"f6302392-3c4b-4c39-a604-70f563d6ebc9","priority":0,"timeToLive":{"unlimited":true},"times":{"unlimited":true}}, $.times)
23:32:35.643 [main] DEBUG com.networknt.schema.TypeValidator -- validate( {"unlimited":true}, {"httpRequest":{"method":"POST","path":"/internal/events"},"httpResponse":{"statusCode":202,"body":"{\"status\":\"accepted\"}"},"id":"f6302392-3c4b-4c39-a604-70f563d6ebc9","priority":0,"timeToLive":{"unlimited":true},"times":{"unlimited":true}}, $.times)
23:32:35.643 [main] DEBUG com.networknt.schema.RefValidator -- validate( {"unlimited":true}, {"httpRequest":{"method":"POST","path":"/internal/events"},"httpResponse":{"statusCode":202,"body":"{\"status\":\"accepted\"}"},"id":"f6302392-3c4b-4c39-a604-70f563d6ebc9","priority":0,"timeToLive":{"unlimited":true},"times":{"unlimited":true}}, $.timeToLive)
23:32:35.643 [main] DEBUG com.networknt.schema.PropertiesValidator -- validate( {"unlimited":true}, {"httpRequest":{"method":"POST","path":"/internal/events"},"httpResponse":{"statusCode":202,"body":"{\"status\":\"accepted\"}"},"id":"f6302392-3c4b-4c39-a604-70f563d6ebc9","priority":0,"timeToLive":{"unlimited":true},"times":{"unlimited":true}}, $.timeToLive)
23:32:35.644 [main] DEBUG com.networknt.schema.TypeValidator -- validate( true, {"httpRequest":{"method":"POST","path":"/internal/events"},"httpResponse":{"statusCode":202,"body":"{\"status\":\"accepted\"}"},"id":"f6302392-3c4b-4c39-a604-70f563d6ebc9","priority":0,"timeToLive":{"unlimited":true},"times":{"unlimited":true}}, $.timeToLive.unlimited)
23:32:35.644 [main] DEBUG com.networknt.schema.AdditionalPropertiesValidator -- validate( {"unlimited":true}, {"httpRequest":{"method":"POST","path":"/internal/events"},"httpResponse":{"statusCode":202,"body":"{\"status\":\"accepted\"}"},"id":"f6302392-3c4b-4c39-a604-70f563d6ebc9","priority":0,"timeToLive":{"unlimited":true},"times":{"unlimited":true}}, $.timeToLive)
23:32:35.644 [main] DEBUG com.networknt.schema.TypeValidator -- validate( {"unlimited":true}, {"httpRequest":{"method":"POST","path":"/internal/events"},"httpResponse":{"statusCode":202,"body":"{\"status\":\"accepted\"}"},"id":"f6302392-3c4b-4c39-a604-70f563d6ebc9","priority":0,"timeToLive":{"unlimited":true},"times":{"unlimited":true}}, $.timeToLive)
23:32:35.644 [main] DEBUG com.networknt.schema.AdditionalPropertiesValidator -- validate( {"httpRequest":{"method":"POST","path":"/internal/events"},"httpResponse":{"statusCode":202,"body":"{\"status\":\"accepted\"}"},"id":"f6302392-3c4b-4c39-a604-70f563d6ebc9","priority":0,"timeToLive":{"unlimited":true},"times":{"unlimited":true}}, {"httpRequest":{"method":"POST","path":"/internal/events"},"httpResponse":{"statusCode":202,"body":"{\"status\":\"accepted\"}"},"id":"f6302392-3c4b-4c39-a604-70f563d6ebc9","priority":0,"timeToLive":{"unlimited":true},"times":{"unlimited":true}}, $)
23:32:35.644 [main] DEBUG com.networknt.schema.OneOfValidator -- validate( {"httpRequest":{"method":"POST","path":"/internal/events"},"httpResponse":{"statusCode":202,"body":"{\"status\":\"accepted\"}"},"id":"f6302392-3c4b-4c39-a604-70f563d6ebc9","priority":0,"timeToLive":{"unlimited":true},"times":{"unlimited":true}}, {"httpRequest":{"method":"POST","path":"/internal/events"},"httpResponse":{"statusCode":202,"body":"{\"status\":\"accepted\"}"},"id":"f6302392-3c4b-4c39-a604-70f563d6ebc9","priority":0,"timeToLive":{"unlimited":true},"times":{"unlimited":true}}, $)
23:32:35.644 [main] DEBUG com.networknt.schema.RequiredValidator -- validate( {"httpRequest":{"method":"POST","path":"/internal/events"},"httpResponse":{"statusCode":202,"body":"{\"status\":\"accepted\"}"},"id":"f6302392-3c4b-4c39-a604-70f563d6ebc9","priority":0,"timeToLive":{"unlimited":true},"times":{"unlimited":true}}, {"httpRequest":{"method":"POST","path":"/internal/events"},"httpResponse":{"statusCode":202,"body":"{\"status\":\"accepted\"}"},"id":"f6302392-3c4b-4c39-a604-70f563d6ebc9","priority":0,"timeToLive":{"unlimited":true},"times":{"unlimited":true}}, $)
23:32:35.644 [main] DEBUG com.networknt.schema.RequiredValidator -- validate( {"httpRequest":{"method":"POST","path":"/internal/events"},"httpResponse":{"statusCode":202,"body":"{\"status\":\"accepted\"}"},"id":"f6302392-3c4b-4c39-a604-70f563d6ebc9","priority":0,"timeToLive":{"unlimited":true},"times":{"unlimited":true}}, {"httpRequest":{"method":"POST","path":"/internal/events"},"httpResponse":{"statusCode":202,"body":"{\"status\":\"accepted\"}"},"id":"f6302392-3c4b-4c39-a604-70f563d6ebc9","priority":0,"timeToLive":{"unlimited":true},"times":{"unlimited":true}}, $)
23:32:35.644 [main] DEBUG com.networknt.schema.RequiredValidator -- validate( {"httpRequest":{"method":"POST","path":"/internal/events"},"httpResponse":{"statusCode":202,"body":"{\"status\":\"accepted\"}"},"id":"f6302392-3c4b-4c39-a604-70f563d6ebc9","priority":0,"timeToLive":{"unlimited":true},"times":{"unlimited":true}}, {"httpRequest":{"method":"POST","path":"/internal/events"},"httpResponse":{"statusCode":202,"body":"{\"status\":\"accepted\"}"},"id":"f6302392-3c4b-4c39-a604-70f563d6ebc9","priority":0,"timeToLive":{"unlimited":true},"times":{"unlimited":true}}, $)
23:32:35.644 [main] DEBUG com.networknt.schema.RequiredValidator -- validate( {"httpRequest":{"method":"POST","path":"/internal/events"},"httpResponse":{"statusCode":202,"body":"{\"status\":\"accepted\"}"},"id":"f6302392-3c4b-4c39-a604-70f563d6ebc9","priority":0,"timeToLive":{"unlimited":true},"times":{"unlimited":true}}, {"httpRequest":{"method":"POST","path":"/internal/events"},"httpResponse":{"statusCode":202,"body":"{\"status\":\"accepted\"}"},"id":"f6302392-3c4b-4c39-a604-70f563d6ebc9","priority":0,"timeToLive":{"unlimited":true},"times":{"unlimited":true}}, $)
23:32:35.644 [main] DEBUG com.networknt.schema.RequiredValidator -- validate( {"httpRequest":{"method":"POST","path":"/internal/events"},"httpResponse":{"statusCode":202,"body":"{\"status\":\"accepted\"}"},"id":"f6302392-3c4b-4c39-a604-70f563d6ebc9","priority":0,"timeToLive":{"unlimited":true},"times":{"unlimited":true}}, {"httpRequest":{"method":"POST","path":"/internal/events"},"httpResponse":{"statusCode":202,"body":"{\"status\":\"accepted\"}"},"id":"f6302392-3c4b-4c39-a604-70f563d6ebc9","priority":0,"timeToLive":{"unlimited":true},"times":{"unlimited":true}}, $)
23:32:35.644 [main] DEBUG com.networknt.schema.RequiredValidator -- validate( {"httpRequest":{"method":"POST","path":"/internal/events"},"httpResponse":{"statusCode":202,"body":"{\"status\":\"accepted\"}"},"id":"f6302392-3c4b-4c39-a604-70f563d6ebc9","priority":0,"timeToLive":{"unlimited":true},"times":{"unlimited":true}}, {"httpRequest":{"method":"POST","path":"/internal/events"},"httpResponse":{"statusCode":202,"body":"{\"status\":\"accepted\"}"},"id":"f6302392-3c4b-4c39-a604-70f563d6ebc9","priority":0,"timeToLive":{"unlimited":true},"times":{"unlimited":true}}, $)
23:32:35.644 [main] DEBUG com.networknt.schema.RequiredValidator -- validate( {"httpRequest":{"method":"POST","path":"/internal/events"},"httpResponse":{"statusCode":202,"body":"{\"status\":\"accepted\"}"},"id":"f6302392-3c4b-4c39-a604-70f563d6ebc9","priority":0,"timeToLive":{"unlimited":true},"times":{"unlimited":true}}, {"httpRequest":{"method":"POST","path":"/internal/events"},"httpResponse":{"statusCode":202,"body":"{\"status\":\"accepted\"}"},"id":"f6302392-3c4b-4c39-a604-70f563d6ebc9","priority":0,"timeToLive":{"unlimited":true},"times":{"unlimited":true}}, $)
23:32:35.644 [main] DEBUG com.networknt.schema.RequiredValidator -- validate( {"httpRequest":{"method":"POST","path":"/internal/events"},"httpResponse":{"statusCode":202,"body":"{\"status\":\"accepted\"}"},"id":"f6302392-3c4b-4c39-a604-70f563d6ebc9","priority":0,"timeToLive":{"unlimited":true},"times":{"unlimited":true}}, {"httpRequest":{"method":"POST","path":"/internal/events"},"httpResponse":{"statusCode":202,"body":"{\"status\":\"accepted\"}"},"id":"f6302392-3c4b-4c39-a604-70f563d6ebc9","priority":0,"timeToLive":{"unlimited":true},"times":{"unlimited":true}}, $)
23:32:35.644 [main] DEBUG com.networknt.schema.RequiredValidator -- validate( {"httpRequest":{"method":"POST","path":"/internal/events"},"httpResponse":{"statusCode":202,"body":"{\"status\":\"accepted\"}"},"id":"f6302392-3c4b-4c39-a604-70f563d6ebc9","priority":0,"timeToLive":{"unlimited":true},"times":{"unlimited":true}}, {"httpRequest":{"method":"POST","path":"/internal/events"},"httpResponse":{"statusCode":202,"body":"{\"status\":\"accepted\"}"},"id":"f6302392-3c4b-4c39-a604-70f563d6ebc9","priority":0,"timeToLive":{"unlimited":true},"times":{"unlimited":true}}, $)
23:32:35.644 [main] DEBUG com.networknt.schema.RequiredValidator -- validate( {"httpRequest":{"method":"POST","path":"/internal/events"},"httpResponse":{"statusCode":202,"body":"{\"status\":\"accepted\"}"},"id":"f6302392-3c4b-4c39-a604-70f563d6ebc9","priority":0,"timeToLive":{"unlimited":true},"times":{"unlimited":true}}, {"httpRequest":{"method":"POST","path":"/internal/events"},"httpResponse":{"statusCode":202,"body":"{\"status\":\"accepted\"}"},"id":"f6302392-3c4b-4c39-a604-70f563d6ebc9","priority":0,"timeToLive":{"unlimited":true},"times":{"unlimited":true}}, $)
23:32:35.644 [main] DEBUG com.networknt.schema.TypeValidator -- validate( {"httpRequest":{"method":"POST","path":"/internal/events"},"httpResponse":{"statusCode":202,"body":"{\"status\":\"accepted\"}"},"id":"f6302392-3c4b-4c39-a604-70f563d6ebc9","priority":0,"timeToLive":{"unlimited":true},"times":{"unlimited":true}}, {"httpRequest":{"method":"POST","path":"/internal/events"},"httpResponse":{"statusCode":202,"body":"{\"status\":\"accepted\"}"},"id":"f6302392-3c4b-4c39-a604-70f563d6ebc9","priority":0,"timeToLive":{"unlimited":true},"times":{"unlimited":true}}, $)
23:32:35.652 [MockServer-EventLog0] INFO org.mockserver.log.MockServerEventLog -- 8888 received request:

  {
    "method" : "POST",
    "path" : "/internal/events",
    "headers" : {
      "User-Agent" : [ "Apache-HttpClient/4.5.13 (Java/24.0.2)" ],
      "Host" : [ "localhost:8888" ],
      "Content-Type" : [ "application/json" ],
      "Content-Length" : [ "23" ],
      "Connection" : [ "Keep-Alive" ],
      "Accept-Encoding" : [ "gzip,deflate" ],
      "Accept" : [ "*/*" ]
    },
    "keepAlive" : true,
    "secure" : false,
    "protocol" : "HTTP_1_1",
    "localAddress" : "127.0.0.1:8888",
    "remoteAddress" : "127.0.0.1:54828",
    "body" : {
      "type" : "STORE_UPDATE"
    }
  }

23:32:35.652 [MockServer-EventLog0] INFO org.mockserver.log.MockServerEventLog -- 8888 request:

  {
    "method" : "POST",
    "path" : "/internal/events",
    "headers" : {
      "User-Agent" : [ "Apache-HttpClient/4.5.13 (Java/24.0.2)" ],
      "Host" : [ "localhost:8888" ],
      "Content-Type" : [ "application/json" ],
      "Content-Length" : [ "23" ],
      "Connection" : [ "Keep-Alive" ],
      "Accept-Encoding" : [ "gzip,deflate" ],
      "Accept" : [ "*/*" ]
    },
    "keepAlive" : true,
    "secure" : false,
    "protocol" : "HTTP_1_1",
    "localAddress" : "127.0.0.1:8888",
    "remoteAddress" : "127.0.0.1:54828",
    "body" : {
      "type" : "STORE_UPDATE"
    }
  }

 matched expectation:

  {
    "httpRequest" : {
      "method" : "POST",
      "path" : "/internal/events"
    },
    "httpResponse" : {
      "statusCode" : 202,
      "body" : "{\"status\":\"accepted\"}"
    },
    "id" : "f6302392-3c4b-4c39-a604-70f563d6ebc9",
    "priority" : 0,
    "timeToLive" : {
      "unlimited" : true
    },
    "times" : {
      "unlimited" : true
    }
  }

23:32:35.653 [MockServer-EventLog0] INFO org.mockserver.log.MockServerEventLog -- 8888 returning response:

  {
    "statusCode" : 202,
    "body" : "{\"status\":\"accepted\"}"
  }

 for request:

  {
    "method" : "POST",
    "path" : "/internal/events",
    "headers" : {
      "User-Agent" : [ "Apache-HttpClient/4.5.13 (Java/24.0.2)" ],
      "Host" : [ "localhost:8888" ],
      "Content-Type" : [ "application/json" ],
      "Content-Length" : [ "23" ],
      "Connection" : [ "Keep-Alive" ],
      "Accept-Encoding" : [ "gzip,deflate" ],
      "Accept" : [ "*/*" ]
    },
    "keepAlive" : true,
    "secure" : false,
    "protocol" : "HTTP_1_1",
    "localAddress" : "127.0.0.1:8888",
    "remoteAddress" : "127.0.0.1:54828",
    "body" : {
      "type" : "STORE_UPDATE"
    }
  }

 for action:

  {
    "statusCode" : 202,
    "body" : "{\"status\":\"accepted\"}"
  }

 from expectation:

  f6302392-3c4b-4c39-a604-70f563d6ebc9

23:32:35.671 [MockServer-MockServer-workerEventLoop7] DEBUG com.networknt.schema.PropertiesValidator -- validate( {"httpRequests":[{"method":"POST","path":"/internal/events"}]}, {"httpRequests":[{"method":"POST","path":"/internal/events"}]}, $)
23:32:35.672 [MockServer-MockServer-workerEventLoop7] DEBUG com.networknt.schema.AdditionalPropertiesValidator -- validate( [{"method":"POST","path":"/internal/events"}], {"httpRequests":[{"method":"POST","path":"/internal/events"}]}, $.httpRequests)
23:32:35.672 [MockServer-MockServer-workerEventLoop7] DEBUG com.networknt.schema.ItemsValidator -- validate( [{"method":"POST","path":"/internal/events"}], {"httpRequests":[{"method":"POST","path":"/internal/events"}]}, $.httpRequests)
23:32:35.672 [MockServer-MockServer-workerEventLoop7] DEBUG com.networknt.schema.RefValidator -- validate( {"method":"POST","path":"/internal/events"}, {"httpRequests":[{"method":"POST","path":"/internal/events"}]}, $.httpRequests[0])
23:32:35.672 [MockServer-MockServer-workerEventLoop7] DEBUG com.networknt.schema.RequiredValidator -- validate( {"method":"POST","path":"/internal/events"}, {"httpRequests":[{"method":"POST","path":"/internal/events"}]}, $.httpRequests[0])
23:32:35.672 [MockServer-MockServer-workerEventLoop7] DEBUG com.networknt.schema.RefValidator -- validate( {"method":"POST","path":"/internal/events"}, {"httpRequests":[{"method":"POST","path":"/internal/events"}]}, $.httpRequests[0])
23:32:35.672 [MockServer-MockServer-workerEventLoop7] DEBUG com.networknt.schema.PropertiesValidator -- validate( {"method":"POST","path":"/internal/events"}, {"httpRequests":[{"method":"POST","path":"/internal/events"}]}, $.httpRequests[0])
23:32:35.672 [MockServer-MockServer-workerEventLoop7] DEBUG com.networknt.schema.RefValidator -- validate( "POST", {"httpRequests":[{"method":"POST","path":"/internal/events"}]}, $.httpRequests[0].method)
23:32:35.672 [MockServer-MockServer-workerEventLoop7] DEBUG com.networknt.schema.OneOfValidator -- validate( "POST", {"httpRequests":[{"method":"POST","path":"/internal/events"}]}, $.httpRequests[0].method)
23:32:35.672 [MockServer-MockServer-workerEventLoop7] DEBUG com.networknt.schema.TypeValidator -- validate( "POST", {"httpRequests":[{"method":"POST","path":"/internal/events"}]}, $.httpRequests[0].method)
23:32:35.672 [MockServer-MockServer-workerEventLoop7] DEBUG com.networknt.schema.PropertiesValidator -- validate( "POST", {"httpRequests":[{"method":"POST","path":"/internal/events"}]}, $.httpRequests[0].method)
23:32:35.672 [MockServer-MockServer-workerEventLoop7] DEBUG com.networknt.schema.AdditionalPropertiesValidator -- validate( "POST", {"httpRequests":[{"method":"POST","path":"/internal/events"}]}, $.httpRequests[0].method)
23:32:35.672 [MockServer-MockServer-workerEventLoop7] DEBUG com.networknt.schema.TypeValidator -- validate( "POST", {"httpRequests":[{"method":"POST","path":"/internal/events"}]}, $.httpRequests[0].method)
23:32:35.672 [MockServer-MockServer-workerEventLoop7] DEBUG com.networknt.schema.RefValidator -- validate( "/internal/events", {"httpRequests":[{"method":"POST","path":"/internal/events"}]}, $.httpRequests[0].path)
23:32:35.672 [MockServer-MockServer-workerEventLoop7] DEBUG com.networknt.schema.OneOfValidator -- validate( "/internal/events", {"httpRequests":[{"method":"POST","path":"/internal/events"}]}, $.httpRequests[0].path)
23:32:35.672 [MockServer-MockServer-workerEventLoop7] DEBUG com.networknt.schema.TypeValidator -- validate( "/internal/events", {"httpRequests":[{"method":"POST","path":"/internal/events"}]}, $.httpRequests[0].path)
23:32:35.672 [MockServer-MockServer-workerEventLoop7] DEBUG com.networknt.schema.PropertiesValidator -- validate( "/internal/events", {"httpRequests":[{"method":"POST","path":"/internal/events"}]}, $.httpRequests[0].path)
23:32:35.672 [MockServer-MockServer-workerEventLoop7] DEBUG com.networknt.schema.AdditionalPropertiesValidator -- validate( "/internal/events", {"httpRequests":[{"method":"POST","path":"/internal/events"}]}, $.httpRequests[0].path)
23:32:35.672 [MockServer-MockServer-workerEventLoop7] DEBUG com.networknt.schema.TypeValidator -- validate( "/internal/events", {"httpRequests":[{"method":"POST","path":"/internal/events"}]}, $.httpRequests[0].path)
23:32:35.672 [MockServer-MockServer-workerEventLoop7] DEBUG com.networknt.schema.AdditionalPropertiesValidator -- validate( {"method":"POST","path":"/internal/events"}, {"httpRequests":[{"method":"POST","path":"/internal/events"}]}, $.httpRequests[0])
23:32:35.672 [MockServer-MockServer-workerEventLoop7] DEBUG com.networknt.schema.TypeValidator -- validate( {"method":"POST","path":"/internal/events"}, {"httpRequests":[{"method":"POST","path":"/internal/events"}]}, $.httpRequests[0])
23:32:35.673 [MockServer-MockServer-workerEventLoop7] DEBUG com.networknt.schema.TypeValidator -- validate( [{"method":"POST","path":"/internal/events"}], {"httpRequests":[{"method":"POST","path":"/internal/events"}]}, $.httpRequests)
23:32:35.673 [MockServer-MockServer-workerEventLoop7] DEBUG com.networknt.schema.AdditionalPropertiesValidator -- validate( {"httpRequests":[{"method":"POST","path":"/internal/events"}]}, {"httpRequests":[{"method":"POST","path":"/internal/events"}]}, $)
23:32:35.673 [MockServer-MockServer-workerEventLoop7] DEBUG com.networknt.schema.OneOfValidator -- validate( {"httpRequests":[{"method":"POST","path":"/internal/events"}]}, {"httpRequests":[{"method":"POST","path":"/internal/events"}]}, $)
23:32:35.673 [MockServer-MockServer-workerEventLoop7] DEBUG com.networknt.schema.RequiredValidator -- validate( {"httpRequests":[{"method":"POST","path":"/internal/events"}]}, {"httpRequests":[{"method":"POST","path":"/internal/events"}]}, $)
23:32:35.673 [MockServer-MockServer-workerEventLoop7] DEBUG com.networknt.schema.RequiredValidator -- validate( {"httpRequests":[{"method":"POST","path":"/internal/events"}]}, {"httpRequests":[{"method":"POST","path":"/internal/events"}]}, $)
23:32:35.673 [MockServer-MockServer-workerEventLoop7] DEBUG com.networknt.schema.TypeValidator -- validate( {"httpRequests":[{"method":"POST","path":"/internal/events"}]}, {"httpRequests":[{"method":"POST","path":"/internal/events"}]}, $)
23:32:35.678 [MockServer-EventLog0] INFO org.mockserver.log.MockServerEventLog -- 8888 verifying sequence that match:

  {
    "httpRequests" : [ {
      "method" : "POST",
      "path" : "/internal/events"
    } ]
  }

23:32:35.682 [MockServer-EventLog0] INFO org.mockserver.log.MockServerEventLog -- request sequence found:

  [{
    "method" : "POST",
    "path" : "/internal/events"
  }]

]]></system-out>
  </testcase>
</testsuite>