<?xml version="1.0" encoding="UTF-8"?>
<testsuite xmlns:xsi="http://www.w3.org/2001/XMLSchema-instance" xsi:noNamespaceSchemaLocation="https://maven.apache.org/surefire/maven-surefire-plugin/xsd/surefire-test-report-3.0.xsd" version="3.0" name="com.se300.store.service.integration.ServiceIntegrationTest" time="0.009" tests="7" errors="0" skipped="0" failures="0">
  <properties>
[...]
</properties>
  <testcase name="testCompleteStoreWorkflow" classname="com.se300.store.service.integration.ServiceIntegrationTest" time="0.002"/>
  <testcase name="testStoreWithAislesAndShelves" classname="com.se300.store.service.integration.ServiceIntegrationTest" time="0.0"/>
  <testcase name="testProductAndInventoryWorkflow" classname="com.se300.store.service.integration.ServiceIntegrationTest" time="0.0"/>
  <testcase name="testCustomerAndBasketWorkflow" classname="com.se300.store.service.integration.ServiceIntegrationTest" time="0.0"/>
  <testcase name="testAuthenticationWorkflow" classname="com.se300.store.service.integration.ServiceIntegrationTest" time="0.0"/>
  <testcase name="testDeviceProvisioningAndEvents" classname="com.se300.store.service.integration.ServiceIntegrationTest" time="0.002">
    <system-out><![CDATA[<<< Processing Event : MOTION_DETECTED
<<< Processing Command : START
]]></system-out>
  </testcase>
  <testcase name="testErrorHandling" classname="com.se300.store.service.integration.ServiceIntegrationTest" time="0.003"/>
</testsuite>